13-Aug-2025 07:24:49.276 INFO [main] org.apache.catalina.startup.VersionLoggerListener.log Nombre de la versión del servidor: Apache Tomcat/9.0.106
13-Aug-2025 07:24:49.279 INFO [main] org.apache.catalina.startup.VersionLoggerListener.log Server built:                      Jun 5 2025 19:02:30 UTC
13-Aug-2025 07:24:49.280 INFO [main] org.apache.catalina.startup.VersionLoggerListener.log Número de versión de servidor:     9.0.106.0
13-Aug-2025 07:24:49.280 INFO [main] org.apache.catalina.startup.VersionLoggerListener.log OS Name:                           Windows 11
13-Aug-2025 07:24:49.280 INFO [main] org.apache.catalina.startup.VersionLoggerListener.log Versión de Systema Operativo:      10.0
13-Aug-2025 07:24:49.280 INFO [main] org.apache.catalina.startup.VersionLoggerListener.log Arquitectura:                      amd64
13-Aug-2025 07:24:49.281 INFO [main] org.apache.catalina.startup.VersionLoggerListener.log Java Home:                         C:\Program Files\Java\jdk-22
13-Aug-2025 07:24:49.281 INFO [main] org.apache.catalina.startup.VersionLoggerListener.log JVM Version:                       22.0.1+8-16
13-Aug-2025 07:24:49.281 INFO [main] org.apache.catalina.startup.VersionLoggerListener.log Vededor JVM:                       Oracle Corporation
13-Aug-2025 07:24:49.281 INFO [main] org.apache.catalina.startup.VersionLoggerListener.log CATALINA_BASE:                     E:\EVIDENCIAS SENA\Backend_proyecto\apache-tomcat-9.0.106\apache-tomcat-9.0.106
13-Aug-2025 07:24:49.281 INFO [main] org.apache.catalina.startup.VersionLoggerListener.log CATALINA_HOME:                     E:\EVIDENCIAS SENA\Backend_proyecto\apache-tomcat-9.0.106\apache-tomcat-9.0.106
13-Aug-2025 07:24:49.287 INFO [main] org.apache.catalina.startup.VersionLoggerListener.log Command line argument:             --add-opens=java.base/java.lang=ALL-UNNAMED
13-Aug-2025 07:24:49.287 INFO [main] org.apache.catalina.startup.VersionLoggerListener.log Command line argument:             --add-opens=java.base/java.lang.invoke=ALL-UNNAMED
13-Aug-2025 07:24:49.287 INFO [main] org.apache.catalina.startup.VersionLoggerListener.log Command line argument:             --add-opens=java.base/java.lang.reflect=ALL-UNNAMED
13-Aug-2025 07:24:49.287 INFO [main] org.apache.catalina.startup.VersionLoggerListener.log Command line argument:             --add-opens=java.base/java.io=ALL-UNNAMED
13-Aug-2025 07:24:49.287 INFO [main] org.apache.catalina.startup.VersionLoggerListener.log Command line argument:             --add-opens=java.base/java.util=ALL-UNNAMED
13-Aug-2025 07:24:49.288 INFO [main] org.apache.catalina.startup.VersionLoggerListener.log Command line argument:             --add-opens=java.base/java.util.concurrent=ALL-UNNAMED
13-Aug-2025 07:24:49.288 INFO [main] org.apache.catalina.startup.VersionLoggerListener.log Command line argument:             --add-opens=java.rmi/sun.rmi.transport=ALL-UNNAMED
13-Aug-2025 07:24:49.288 INFO [main] org.apache.catalina.startup.VersionLoggerListener.log Command line argument:             -Djava.util.logging.config.file=E:\EVIDENCIAS SENA\Backend_proyecto\apache-tomcat-9.0.106\apache-tomcat-9.0.106\conf\logging.properties
13-Aug-2025 07:24:49.288 INFO [main] org.apache.catalina.startup.VersionLoggerListener.log Command line argument:             -Djava.util.logging.manager=org.apache.juli.ClassLoaderLogManager
13-Aug-2025 07:24:49.288 INFO [main] org.apache.catalina.startup.VersionLoggerListener.log Command line argument:             -Djdk.tls.ephemeralDHKeySize=2048
13-Aug-2025 07:24:49.288 INFO [main] org.apache.catalina.startup.VersionLoggerListener.log Command line argument:             -Djava.protocol.handler.pkgs=org.apache.catalina.webresources
13-Aug-2025 07:24:49.288 INFO [main] org.apache.catalina.startup.VersionLoggerListener.log Command line argument:             -Dsun.io.useCanonCaches=false
13-Aug-2025 07:24:49.288 INFO [main] org.apache.catalina.startup.VersionLoggerListener.log Command line argument:             -Dignore.endorsed.dirs=
13-Aug-2025 07:24:49.288 INFO [main] org.apache.catalina.startup.VersionLoggerListener.log Command line argument:             -Dcatalina.base=E:\EVIDENCIAS SENA\Backend_proyecto\apache-tomcat-9.0.106\apache-tomcat-9.0.106
13-Aug-2025 07:24:49.288 INFO [main] org.apache.catalina.startup.VersionLoggerListener.log Command line argument:             -Dcatalina.home=E:\EVIDENCIAS SENA\Backend_proyecto\apache-tomcat-9.0.106\apache-tomcat-9.0.106
13-Aug-2025 07:24:49.289 INFO [main] org.apache.catalina.startup.VersionLoggerListener.log Command line argument:             -Djava.io.tmpdir=E:\EVIDENCIAS SENA\Backend_proyecto\apache-tomcat-9.0.106\apache-tomcat-9.0.106\temp
13-Aug-2025 07:24:49.293 INFO [main] org.apache.catalina.core.AprLifecycleListener.lifecycleEvent La biblioteca nativa de Apache Tomcat basada en ARP que permite un rendimiento óptimo en entornos de desarrollo no ha sido hallada en java.library.path: [C:\Program Files\Java\jdk-22\bin;C:\WINDOWS\Sun\Java\bin;C:\WINDOWS\system32;C:\WINDOWS;C:\Program Files\Common Files\Oracle\Java\javapath;C:\WINDOWS\system32;C:\WINDOWS;C:\WINDOWS\System32\Wbem;C:\WINDOWS\System32\WindowsPowerShell\v1.0\;C:\WINDOWS\System32\OpenSSH\;C:\Program Files\Git\cmd;C:\Program Files\Docker\Docker\resources\bin;C:\Program Files (x86)\Microsoft SQL Server\160\DTS\Binn\;C:\Program Files\nodejs\;C:\Users\Propietario\AppData\Local\Programs\Python\Launcher\;C:\Program Files\MySQL\MySQL Shell 8.0\bin\;C:\Users\Propietario\AppData\Local\Microsoft\WindowsApps;C:\Users\Propietario\AppData\Local\Programs\Microsoft VS Code\bin;C:\Users\Propietario\AppData\Roaming\npm;;.]
13-Aug-2025 07:24:57.142 INFO [main] org.apache.coyote.AbstractProtocol.init Inicializando el manejador de protocolo ["http-nio-8080"]

13-Aug-2025 07:24:57.170 INFO [main] org.apache.catalina.startup.Catalina.load Server initialization in [8105] milliseconds
13-Aug-2025 07:24:57.226 INFO [main] org.apache.catalina.core.StandardService.startInternal Arrancando servicio [Catalina]
13-Aug-2025 07:24:57.227 INFO [main] org.apache.catalina.core.StandardEngine.startInternal Starting Servlet engine: [Apache Tomcat/9.0.106]
13-Aug-2025 07:24:57.237 INFO [main] org.apache.catalina.startup.HostConfig.deployDescriptor Desplieque del descriptor de configuración [E:\EVIDENCIAS SENA\Backend_proyecto\apache-tomcat-9.0.106\apache-tomcat-9.0.106\conf\Catalina\localhost\pruebaBrayan.xml]
13-Aug-2025 07:24:57.256 WARNING [main] org.apache.catalina.startup.HostConfig.deployDescriptor The path attribute with value [/pruebaBrayan] in deployment descriptor [E:\EVIDENCIAS SENA\Backend_proyecto\apache-tomcat-9.0.106\apache-tomcat-9.0.106\conf\Catalina\localhost\pruebaBrayan.xml] has been ignored
13-Aug-2025 07:24:57.288 SEVERE [main] org.apache.catalina.startup.HostConfig.deployDescriptor Error durante el despliegue del descriptor de configuración [E:\EVIDENCIAS SENA\Backend_proyecto\apache-tomcat-9.0.106\apache-tomcat-9.0.106\conf\Catalina\localhost\pruebaBrayan.xml]
	java.lang.IllegalStateException: Error starting child
		at org.apache.catalina.core.ContainerBase.addChildInternal(ContainerBase.java:602)
		at org.apache.catalina.core.ContainerBase.addChild(ContainerBase.java:571)
		at org.apache.catalina.core.StandardHost.addChild(StandardHost.java:603)
		at org.apache.catalina.startup.HostConfig.deployDescriptor(HostConfig.java:680)
		at org.apache.catalina.startup.HostConfig$DeployDescriptor.run(HostConfig.java:1839)
		at java.base/java.util.concurrent.Executors$RunnableAdapter.call(Executors.java:572)
		at java.base/java.util.concurrent.FutureTask.run(FutureTask.java:317)
		at org.apache.tomcat.util.threads.InlineExecutorService.execute(InlineExecutorService.java:76)
		at java.base/java.util.concurrent.AbstractExecutorService.submit(AbstractExecutorService.java:123)
		at org.apache.catalina.startup.HostConfig.deployDescriptors(HostConfig.java:575)
		at org.apache.catalina.startup.HostConfig.deployApps(HostConfig.java:466)
		at org.apache.catalina.startup.HostConfig.start(HostConfig.java:1579)
		at org.apache.catalina.startup.HostConfig.lifecycleEvent(HostConfig.java:312)
		at org.apache.catalina.util.LifecycleBase.fireLifecycleEvent(LifecycleBase.java:109)
		at org.apache.catalina.util.LifecycleBase.setStateInternal(LifecycleBase.java:389)
		at org.apache.catalina.util.LifecycleBase.setState(LifecycleBase.java:336)
		at org.apache.catalina.core.ContainerBase.startInternal(ContainerBase.java:776)
		at org.apache.catalina.core.StandardHost.startInternal(StandardHost.java:721)
		at org.apache.catalina.util.LifecycleBase.start(LifecycleBase.java:164)
		at org.apache.catalina.core.ContainerBase$StartChild.call(ContainerBase.java:1203)
		at org.apache.catalina.core.ContainerBase$StartChild.call(ContainerBase.java:1193)
		at java.base/java.util.concurrent.FutureTask.run(FutureTask.java:317)
		at org.apache.tomcat.util.threads.InlineExecutorService.execute(InlineExecutorService.java:76)
		at java.base/java.util.concurrent.AbstractExecutorService.submit(AbstractExecutorService.java:145)
		at org.apache.catalina.core.ContainerBase.startInternal(ContainerBase.java:749)
		at org.apache.catalina.core.StandardEngine.startInternal(StandardEngine.java:211)
		at org.apache.catalina.util.LifecycleBase.start(LifecycleBase.java:164)
		at org.apache.catalina.core.StandardService.startInternal(StandardService.java:412)
		at org.apache.catalina.util.LifecycleBase.start(LifecycleBase.java:164)
		at org.apache.catalina.core.StandardServer.startInternal(StandardServer.java:874)
		at org.apache.catalina.util.LifecycleBase.start(LifecycleBase.java:164)
		at org.apache.catalina.startup.Catalina.start(Catalina.java:739)
		at java.base/jdk.internal.reflect.DirectMethodHandleAccessor.invoke(DirectMethodHandleAccessor.java:103)
		at java.base/java.lang.reflect.Method.invoke(Method.java:580)
		at org.apache.catalina.startup.Bootstrap.start(Bootstrap.java:345)
		at org.apache.catalina.startup.Bootstrap.main(Bootstrap.java:476)
	Caused by: org.apache.catalina.LifecycleException: Failed to start component [org.apache.catalina.webresources.StandardRoot@78a773fd]
		at org.apache.catalina.util.LifecycleBase.handleSubClassException(LifecycleBase.java:406)
		at org.apache.catalina.util.LifecycleBase.start(LifecycleBase.java:179)
		at org.apache.catalina.core.StandardContext.resourcesStart(StandardContext.java:4172)
		at org.apache.catalina.core.StandardContext.startInternal(StandardContext.java:4294)
		at org.apache.catalina.util.LifecycleBase.start(LifecycleBase.java:164)
		at org.apache.catalina.core.ContainerBase.addChildInternal(ContainerBase.java:599)
		... 35 more
	Caused by: java.lang.IllegalArgumentException: The main resource set specified [C:\Users\Windows 10\Documents\NetBeansProjects\pruebaBrayan\target\pruebaBrayan-1.0-SNAPSHOT] is not a directory or war file, or is not readable (it does not exist or permissions to access it are missing)
		at org.apache.catalina.webresources.StandardRoot.createMainResourceSet(StandardRoot.java:758)
		at org.apache.catalina.webresources.StandardRoot.startInternal(StandardRoot.java:715)
		at org.apache.catalina.util.LifecycleBase.start(LifecycleBase.java:164)
		... 39 more
13-Aug-2025 07:24:57.293 INFO [main] org.apache.catalina.startup.HostConfig.deployDescriptor Deployment of deployment descriptor [E:\EVIDENCIAS SENA\Backend_proyecto\apache-tomcat-9.0.106\apache-tomcat-9.0.106\conf\Catalina\localhost\pruebaBrayan.xml] has finished in [53] ms
13-Aug-2025 07:24:57.293 INFO [main] org.apache.catalina.startup.HostConfig.deployDescriptor Desplieque del descriptor de configuración [E:\EVIDENCIAS SENA\Backend_proyecto\apache-tomcat-9.0.106\apache-tomcat-9.0.106\conf\Catalina\localhost\APIproyecto.xml]
13-Aug-2025 07:24:57.296 WARNING [main] org.apache.catalina.startup.HostConfig.deployDescriptor The path attribute with value [/APIproyecto] in deployment descriptor [E:\EVIDENCIAS SENA\Backend_proyecto\apache-tomcat-9.0.106\apache-tomcat-9.0.106\conf\Catalina\localhost\APIproyecto.xml] has been ignored
13-Aug-2025 07:24:58.383 INFO [main] org.apache.jasper.servlet.TldScanner.scanJars Al menos un JAR, que se ha explorado buscando TLDs, aún no contenía TLDs. Activar historial de depuración para este historiador para una completa lista de los JARs que fueron explorados y de los que nos se halló TLDs. Saltarse JARs no necesarios durante la exploración puede dar lugar a una mejora de tiempo significativa en el arranque y compilación de JSP .
13-Aug-2025 07:24:58.438 WARNING [main] org.glassfish.jersey.servlet.init.JerseyServletContainerInitializer.addServletWithApplication Mapping conflict. A Servlet registration exists with same mapping as the Jersey servlet application, named MODELO.RestConfig, at the servlet mapping, /api/*.
13-Aug-2025 07:24:59.094 WARNING [main] org.glassfish.jersey.message.internal.MessagingBinders$EnabledProvidersBinder.bindToBinder A class javax.activation.DataSource for a default provider MessageBodyWriter<javax.activation.DataSource> was not found. The provider is not available.
13-Aug-2025 07:24:59.134 WARNING [main] org.glassfish.jersey.server.wadl.WadlFeature.configure JAXBContext implementation could not be found. WADL feature is disabled.
13-Aug-2025 07:24:59.652 SEVERE [main] org.glassfish.jersey.internal.Errors.logErrors Following issues have been detected: 
WARNING: No injection source found for a parameter of type public javax.ws.rs.core.Response CONTROLADOR.ImagenesController.crearImagen(java.io.InputStream,org.glassfish.jersey.media.multipart.FormDataContentDisposition) at index 0.

13-Aug-2025 07:24:59.745 WARNING [main] org.glassfish.jersey.server.wadl.WadlFeature.configure JAXBContext implementation could not be found. WADL feature is disabled.
13-Aug-2025 07:24:59.877 INFO [main] org.apache.catalina.startup.HostConfig.deployDescriptor Deployment of deployment descriptor [E:\EVIDENCIAS SENA\Backend_proyecto\apache-tomcat-9.0.106\apache-tomcat-9.0.106\conf\Catalina\localhost\APIproyecto.xml] has finished in [2.583] ms
13-Aug-2025 07:24:59.877 INFO [main] org.apache.catalina.startup.HostConfig.deployDirectory Desplegando el directorio [E:\EVIDENCIAS SENA\Backend_proyecto\apache-tomcat-9.0.106\apache-tomcat-9.0.106\webapps\ROOT] de la aplicación web
13-Aug-2025 07:24:59.901 INFO [main] org.apache.catalina.startup.HostConfig.deployDirectory Deployment of web application directory [E:\EVIDENCIAS SENA\Backend_proyecto\apache-tomcat-9.0.106\apache-tomcat-9.0.106\webapps\ROOT] has finished in [23] ms
13-Aug-2025 07:24:59.901 INFO [main] org.apache.catalina.startup.HostConfig.deployDirectory Desplegando el directorio [E:\EVIDENCIAS SENA\Backend_proyecto\apache-tomcat-9.0.106\apache-tomcat-9.0.106\webapps\docs] de la aplicación web
13-Aug-2025 07:24:59.927 INFO [main] org.apache.catalina.startup.HostConfig.deployDirectory Deployment of web application directory [E:\EVIDENCIAS SENA\Backend_proyecto\apache-tomcat-9.0.106\apache-tomcat-9.0.106\webapps\docs] has finished in [26] ms
13-Aug-2025 07:24:59.928 INFO [main] org.apache.catalina.startup.HostConfig.deployDirectory Desplegando el directorio [E:\EVIDENCIAS SENA\Backend_proyecto\apache-tomcat-9.0.106\apache-tomcat-9.0.106\webapps\examples] de la aplicación web
13-Aug-2025 07:25:04.442 INFO [main] org.apache.catalina.startup.HostConfig.deployDirectory Deployment of web application directory [E:\EVIDENCIAS SENA\Backend_proyecto\apache-tomcat-9.0.106\apache-tomcat-9.0.106\webapps\examples] has finished in [4.515] ms
13-Aug-2025 07:25:04.442 INFO [main] org.apache.catalina.startup.HostConfig.deployDirectory Desplegando el directorio [E:\EVIDENCIAS SENA\Backend_proyecto\apache-tomcat-9.0.106\apache-tomcat-9.0.106\webapps\host-manager] de la aplicación web
13-Aug-2025 07:25:04.477 INFO [main] org.apache.catalina.startup.HostConfig.deployDirectory Deployment of web application directory [E:\EVIDENCIAS SENA\Backend_proyecto\apache-tomcat-9.0.106\apache-tomcat-9.0.106\webapps\host-manager] has finished in [35] ms
13-Aug-2025 07:25:04.477 INFO [main] org.apache.catalina.startup.HostConfig.deployDirectory Desplegando el directorio [E:\EVIDENCIAS SENA\Backend_proyecto\apache-tomcat-9.0.106\apache-tomcat-9.0.106\webapps\manager] de la aplicación web
13-Aug-2025 07:25:04.501 INFO [main] org.apache.catalina.startup.HostConfig.deployDirectory Deployment of web application directory [E:\EVIDENCIAS SENA\Backend_proyecto\apache-tomcat-9.0.106\apache-tomcat-9.0.106\webapps\manager] has finished in [24] ms
13-Aug-2025 07:25:04.506 INFO [main] org.apache.coyote.AbstractProtocol.start Starting ProtocolHandler ["http-nio-8080"]
13-Aug-2025 07:25:04.525 INFO [main] org.apache.catalina.startup.Catalina.start Server startup in [7354] milliseconds
13-Aug-2025 07:25:27.757 WARNING [http-nio-8080-exec-2] org.apache.catalina.loader.WebappClassLoaderBase.clearReferencesJdbc La aplicación web [APIproyecto] registró el conductor JDBC [com.mysql.cj.jdbc.Driver] pero falló al anular el registro mientras la aplicación web estaba parada. Para prevenir un fallo de memoria, se ha anulado el registro del conductor JDBC por la fuerza.
13-Aug-2025 07:25:27.758 WARNING [http-nio-8080-exec-2] org.apache.catalina.loader.WebappClassLoaderBase.clearReferencesThreads The web application [APIproyecto] appears to have started a thread named [mysql-cj-abandoned-connection-cleanup] but has failed to stop it. This is very likely to create a memory leak. Stack trace of thread:
 java.base/jdk.internal.misc.Unsafe.park(Native Method)
 java.base/java.util.concurrent.locks.LockSupport.parkNanos(LockSupport.java:269)
 java.base/java.util.concurrent.locks.AbstractQueuedSynchronizer$ConditionObject.await(AbstractQueuedSynchronizer.java:1847)
 java.base/java.lang.ref.ReferenceQueue.await(ReferenceQueue.java:71)
 java.base/java.lang.ref.ReferenceQueue.remove0(ReferenceQueue.java:143)
 java.base/java.lang.ref.ReferenceQueue.remove(ReferenceQueue.java:218)
 com.mysql.cj.jdbc.AbandonedConnectionCleanupThread.run(AbandonedConnectionCleanupThread.java:91)
 java.base/java.util.concurrent.ThreadPoolExecutor.runWorker(ThreadPoolExecutor.java:1144)
 java.base/java.util.concurrent.ThreadPoolExecutor$Worker.run(ThreadPoolExecutor.java:642)
 java.base/java.lang.Thread.run(Thread.java:1570)
13-Aug-2025 07:25:28.280 INFO [http-nio-8080-exec-2] org.apache.catalina.startup.HostConfig.undeploy Repliegue (undeploy) de la aplicación web que tiene como trayectoria de contexto [/APIproyecto]
13-Aug-2025 07:25:28.363 INFO [http-nio-8080-exec-1] org.apache.catalina.startup.HostConfig.deployDescriptor Desplieque del descriptor de configuración [E:\EVIDENCIAS SENA\Backend_proyecto\apache-tomcat-9.0.106\apache-tomcat-9.0.106\conf\Catalina\localhost\APIproyecto.xml]
13-Aug-2025 07:25:28.364 WARNING [http-nio-8080-exec-1] org.apache.catalina.startup.HostConfig.deployDescriptor The path attribute with value [/APIproyecto] in deployment descriptor [E:\EVIDENCIAS SENA\Backend_proyecto\apache-tomcat-9.0.106\apache-tomcat-9.0.106\conf\Catalina\localhost\APIproyecto.xml] has been ignored
13-Aug-2025 07:25:28.767 INFO [mysql-cj-abandoned-connection-cleanup] org.apache.catalina.loader.WebappClassLoaderBase.checkStateForResourceLoading Acceso ilegal: esta instancia de aplicación web ya ha sido parada.  Could not load [].  La eventual traza de pila que sigue ha sido motivada por un error lanzado con motivos de depuración así como para intentar terminar el hilo que motivó el acceso ilegal y no tiene impacto funcional.
	java.lang.IllegalStateException: Acceso ilegal: esta instancia de aplicación web ya ha sido parada.  Could not load [].  La eventual traza de pila que sigue ha sido motivada por un error lanzado con motivos de depuración así como para intentar terminar el hilo que motivó el acceso ilegal y no tiene impacto funcional.
		at org.apache.catalina.loader.WebappClassLoaderBase.checkStateForResourceLoading(WebappClassLoaderBase.java:1374)
		at org.apache.catalina.loader.WebappClassLoaderBase.getResource(WebappClassLoaderBase.java:997)
		at com.mysql.cj.jdbc.AbandonedConnectionCleanupThread.checkThreadContextClassLoader(AbandonedConnectionCleanupThread.java:123)
		at com.mysql.cj.jdbc.AbandonedConnectionCleanupThread.run(AbandonedConnectionCleanupThread.java:90)
		at java.base/java.util.concurrent.ThreadPoolExecutor.runWorker(ThreadPoolExecutor.java:1144)
		at java.base/java.util.concurrent.ThreadPoolExecutor$Worker.run(ThreadPoolExecutor.java:642)
		at java.base/java.lang.Thread.run(Thread.java:1570)
13-Aug-2025 07:25:29.158 INFO [http-nio-8080-exec-1] org.apache.jasper.servlet.TldScanner.scanJars Al menos un JAR, que se ha explorado buscando TLDs, aún no contenía TLDs. Activar historial de depuración para este historiador para una completa lista de los JARs que fueron explorados y de los que nos se halló TLDs. Saltarse JARs no necesarios durante la exploración puede dar lugar a una mejora de tiempo significativa en el arranque y compilación de JSP .
13-Aug-2025 07:25:29.182 WARNING [http-nio-8080-exec-1] org.glassfish.jersey.servlet.init.JerseyServletContainerInitializer.addServletWithApplication Mapping conflict. A Servlet registration exists with same mapping as the Jersey servlet application, named MODELO.RestConfig, at the servlet mapping, /api/*.
13-Aug-2025 07:25:29.615 WARNING [http-nio-8080-exec-1] org.glassfish.jersey.message.internal.MessagingBinders$EnabledProvidersBinder.bindToBinder A class javax.activation.DataSource for a default provider MessageBodyWriter<javax.activation.DataSource> was not found. The provider is not available.
13-Aug-2025 07:25:29.651 WARNING [http-nio-8080-exec-1] org.glassfish.jersey.server.wadl.WadlFeature.configure JAXBContext implementation could not be found. WADL feature is disabled.
13-Aug-2025 07:25:30.080 SEVERE [http-nio-8080-exec-1] org.glassfish.jersey.internal.Errors.logErrors Following issues have been detected: 
WARNING: No injection source found for a parameter of type public javax.ws.rs.core.Response CONTROLADOR.ImagenesController.crearImagen(java.io.InputStream,org.glassfish.jersey.media.multipart.FormDataContentDisposition) at index 0.

13-Aug-2025 07:25:30.155 WARNING [http-nio-8080-exec-1] org.glassfish.jersey.server.wadl.WadlFeature.configure JAXBContext implementation could not be found. WADL feature is disabled.
13-Aug-2025 07:25:30.263 INFO [http-nio-8080-exec-1] org.apache.catalina.startup.HostConfig.deployDescriptor Deployment of deployment descriptor [E:\EVIDENCIAS SENA\Backend_proyecto\apache-tomcat-9.0.106\apache-tomcat-9.0.106\conf\Catalina\localhost\APIproyecto.xml] has finished in [1.901] ms
13-Aug-2025 07:25:30.266 INFO [http-nio-8080-exec-8] org.apache.catalina.util.LifecycleBase.start The start() method was called on component [StandardEngine[Catalina].StandardHost[localhost].StandardContext[/APIproyecto]] after start() had already been called. The second call will be ignored.
13-Aug-2025 07:48:42.498 INFO [main] org.apache.catalina.core.StandardServer.await Se ha recibido un comando de apagado a través del puerto de apagado. Parando la instancia del Servidor.
13-Aug-2025 07:48:42.498 INFO [main] org.apache.coyote.AbstractProtocol.pause Pausing ProtocolHandler ["http-nio-8080"]
13-Aug-2025 07:48:42.504 INFO [main] org.apache.catalina.core.StandardService.stopInternal Parando servicio [Catalina]
13-Aug-2025 07:48:42.527 WARNING [main] org.apache.catalina.loader.WebappClassLoaderBase.clearReferencesJdbc La aplicación web [APIproyecto] registró el conductor JDBC [com.mysql.cj.jdbc.Driver] pero falló al anular el registro mientras la aplicación web estaba parada. Para prevenir un fallo de memoria, se ha anulado el registro del conductor JDBC por la fuerza.
13-Aug-2025 07:48:42.527 WARNING [main] org.apache.catalina.loader.WebappClassLoaderBase.clearReferencesThreads The web application [APIproyecto] appears to have started a thread named [mysql-cj-abandoned-connection-cleanup] but has failed to stop it. This is very likely to create a memory leak. Stack trace of thread:
 java.base/jdk.internal.misc.Unsafe.park(Native Method)
 java.base/java.util.concurrent.locks.LockSupport.parkNanos(LockSupport.java:269)
 java.base/java.util.concurrent.locks.AbstractQueuedSynchronizer$ConditionObject.await(AbstractQueuedSynchronizer.java:1847)
 java.base/java.lang.ref.ReferenceQueue.await(ReferenceQueue.java:71)
 java.base/java.lang.ref.ReferenceQueue.remove0(ReferenceQueue.java:143)
 java.base/java.lang.ref.ReferenceQueue.remove(ReferenceQueue.java:218)
 com.mysql.cj.jdbc.AbandonedConnectionCleanupThread.run(AbandonedConnectionCleanupThread.java:91)
 java.base/java.util.concurrent.ThreadPoolExecutor.runWorker(ThreadPoolExecutor.java:1144)
 java.base/java.util.concurrent.ThreadPoolExecutor$Worker.run(ThreadPoolExecutor.java:642)
 java.base/java.lang.Thread.run(Thread.java:1570)
13-Aug-2025 07:48:42.535 INFO [main] org.apache.coyote.AbstractProtocol.stop Stopping ProtocolHandler ["http-nio-8080"]
13-Aug-2025 07:48:42.541 INFO [main] org.apache.coyote.AbstractProtocol.destroy Destroying ProtocolHandler ["http-nio-8080"]
