16-Jun-2025 06:57:46.309 INFO [main] org.apache.catalina.startup.VersionLoggerListener.log Nombre de la versión del servidor: Apache Tomcat/9.0.106
16-Jun-2025 06:57:46.316 INFO [main] org.apache.catalina.startup.VersionLoggerListener.log Server built:                      Jun 5 2025 19:02:30 UTC
16-Jun-2025 06:57:46.317 INFO [main] org.apache.catalina.startup.VersionLoggerListener.log Número de versión de servidor:     9.0.106.0
16-Jun-2025 06:57:46.317 INFO [main] org.apache.catalina.startup.VersionLoggerListener.log OS Name:                           Windows 11
16-Jun-2025 06:57:46.318 INFO [main] org.apache.catalina.startup.VersionLoggerListener.log Versión de Systema Operativo:      10.0
16-Jun-2025 06:57:46.318 INFO [main] org.apache.catalina.startup.VersionLoggerListener.log Arquitectura:                      amd64
16-Jun-2025 06:57:46.318 INFO [main] org.apache.catalina.startup.VersionLoggerListener.log Java Home:                         C:\Program Files\Java\jdk-22
16-Jun-2025 06:57:46.319 INFO [main] org.apache.catalina.startup.VersionLoggerListener.log JVM Version:                       22.0.1+8-16
16-Jun-2025 06:57:46.319 INFO [main] org.apache.catalina.startup.VersionLoggerListener.log Vededor JVM:                       Oracle Corporation
16-Jun-2025 06:57:46.319 INFO [main] org.apache.catalina.startup.VersionLoggerListener.log CATALINA_BASE:                     D:\PRUEBAS_BRAYAN\apache-tomcat-9.0.106\apache-tomcat-9.0.106
16-Jun-2025 06:57:46.319 INFO [main] org.apache.catalina.startup.VersionLoggerListener.log CATALINA_HOME:                     D:\PRUEBAS_BRAYAN\apache-tomcat-9.0.106\apache-tomcat-9.0.106
16-Jun-2025 06:57:46.334 INFO [main] org.apache.catalina.startup.VersionLoggerListener.log Command line argument:             --add-opens=java.base/java.lang=ALL-UNNAMED
16-Jun-2025 06:57:46.334 INFO [main] org.apache.catalina.startup.VersionLoggerListener.log Command line argument:             --add-opens=java.base/java.lang.invoke=ALL-UNNAMED
16-Jun-2025 06:57:46.334 INFO [main] org.apache.catalina.startup.VersionLoggerListener.log Command line argument:             --add-opens=java.base/java.lang.reflect=ALL-UNNAMED
16-Jun-2025 06:57:46.334 INFO [main] org.apache.catalina.startup.VersionLoggerListener.log Command line argument:             --add-opens=java.base/java.io=ALL-UNNAMED
16-Jun-2025 06:57:46.335 INFO [main] org.apache.catalina.startup.VersionLoggerListener.log Command line argument:             --add-opens=java.base/java.util=ALL-UNNAMED
16-Jun-2025 06:57:46.335 INFO [main] org.apache.catalina.startup.VersionLoggerListener.log Command line argument:             --add-opens=java.base/java.util.concurrent=ALL-UNNAMED
16-Jun-2025 06:57:46.335 INFO [main] org.apache.catalina.startup.VersionLoggerListener.log Command line argument:             --add-opens=java.rmi/sun.rmi.transport=ALL-UNNAMED
16-Jun-2025 06:57:46.335 INFO [main] org.apache.catalina.startup.VersionLoggerListener.log Command line argument:             -Djava.util.logging.config.file=D:\PRUEBAS_BRAYAN\apache-tomcat-9.0.106\apache-tomcat-9.0.106\conf\logging.properties
16-Jun-2025 06:57:46.335 INFO [main] org.apache.catalina.startup.VersionLoggerListener.log Command line argument:             -Djava.util.logging.manager=org.apache.juli.ClassLoaderLogManager
16-Jun-2025 06:57:46.336 INFO [main] org.apache.catalina.startup.VersionLoggerListener.log Command line argument:             -Dhttp.nonProxyHosts=localhost|127.0.0.1|GIRAPRCIMFSD153
16-Jun-2025 06:57:46.336 INFO [main] org.apache.catalina.startup.VersionLoggerListener.log Command line argument:             -Djdk.tls.ephemeralDHKeySize=2048
16-Jun-2025 06:57:46.336 INFO [main] org.apache.catalina.startup.VersionLoggerListener.log Command line argument:             -Djava.protocol.handler.pkgs=org.apache.catalina.webresources
16-Jun-2025 06:57:46.336 INFO [main] org.apache.catalina.startup.VersionLoggerListener.log Command line argument:             -Dsun.io.useCanonCaches=false
16-Jun-2025 06:57:46.336 INFO [main] org.apache.catalina.startup.VersionLoggerListener.log Command line argument:             -Dignore.endorsed.dirs=
16-Jun-2025 06:57:46.443 INFO [main] org.apache.catalina.startup.VersionLoggerListener.log Command line argument:             -Dcatalina.base=D:\PRUEBAS_BRAYAN\apache-tomcat-9.0.106\apache-tomcat-9.0.106
16-Jun-2025 06:57:46.443 INFO [main] org.apache.catalina.startup.VersionLoggerListener.log Command line argument:             -Dcatalina.home=D:\PRUEBAS_BRAYAN\apache-tomcat-9.0.106\apache-tomcat-9.0.106
16-Jun-2025 06:57:46.444 INFO [main] org.apache.catalina.startup.VersionLoggerListener.log Command line argument:             -Djava.io.tmpdir=D:\PRUEBAS_BRAYAN\apache-tomcat-9.0.106\apache-tomcat-9.0.106\temp
16-Jun-2025 06:57:46.462 INFO [main] org.apache.catalina.core.AprLifecycleListener.lifecycleEvent La biblioteca nativa de Apache Tomcat basada en ARP que permite un rendimiento óptimo en entornos de desarrollo no ha sido hallada en java.library.path: [C:\Program Files\Java\jdk-22\bin;C:\WINDOWS\Sun\Java\bin;C:\WINDOWS\system32;C:\WINDOWS;C:\Program Files\Common Files\Oracle\Java\javapath;C:\Program Files (x86)\VMware\VMware Player\bin\;C:\Program Files (x86)\Common Files\Intel\Shared Libraries\redist\intel64\compiler;C:\WINDOWS\system32;C:\WINDOWS;C:\WINDOWS\System32\Wbem;C:\WINDOWS\System32\WindowsPowerShell\v1.0\;C:\WINDOWS\System32\OpenSSH\;C:\Program Files\Git\cmd;C:\Program Files (x86)\Microsoft SQL Server\150\DTS\Binn\;C:\Program Files\Azure Data Studio\bin;C:\Program Files\Microsoft SQL Server\Client SDK\ODBC\170\Tools\Binn\;C:\Program Files (x86)\Microsoft SQL Server\150\Tools\Binn\;C:\Program Files\Microsoft SQL Server\150\Tools\Binn\;C:\Program Files\Microsoft SQL Server\150\DTS\Binn\;C:\Program Files\dotnet\;C:\ProgramData\ComposerSetup\bin;C:\Users\Windows 10\AppData\Local\Programs\Python\Python312;C:\Program Files\nodejs\;C:\Users\Windows 10\AppData\Local\Programs\Python\Python312\Scripts\;C:\Users\Windows 10\AppData\Local\Programs\Python\Python312\;C:\Users\Windows 10\AppData\Local\Microsoft\WindowsApps;C:\Program Files\Azure Data Studio\bin;C:\Users\Windows 10\AppData\Local\Programs\Microsoft VS Code\bin;C:\xampp\php;C:\Users\Windows 10\composer;C:\Users\Windows 10\AppData\Roaming\Composer\vendor\bin;C:\Users\Windows 10\.dotnet\tools;C:\Users\Windows 10\AppData\Roaming\npm;.]
16-Jun-2025 06:57:47.125 INFO [main] org.apache.coyote.AbstractProtocol.init Inicializando el manejador de protocolo ["http-nio-8080"]

16-Jun-2025 06:57:47.172 INFO [main] org.apache.catalina.startup.Catalina.load Server initialization in [1287] milliseconds
16-Jun-2025 06:57:47.280 INFO [main] org.apache.catalina.core.StandardService.startInternal Arrancando servicio [Catalina]
16-Jun-2025 06:57:47.280 INFO [main] org.apache.catalina.core.StandardEngine.startInternal Starting Servlet engine: [Apache Tomcat/9.0.106]
16-Jun-2025 06:57:47.290 INFO [main] org.apache.catalina.startup.HostConfig.deployDescriptor Desplieque del descriptor de configuración [D:\PRUEBAS_BRAYAN\apache-tomcat-9.0.106\apache-tomcat-9.0.106\conf\Catalina\localhost\pruebaBrayan.xml]
16-Jun-2025 06:57:47.326 WARNING [main] org.apache.catalina.startup.HostConfig.deployDescriptor The path attribute with value [/pruebaBrayan] in deployment descriptor [D:\PRUEBAS_BRAYAN\apache-tomcat-9.0.106\apache-tomcat-9.0.106\conf\Catalina\localhost\pruebaBrayan.xml] has been ignored
16-Jun-2025 06:57:49.900 INFO [main] org.apache.jasper.servlet.TldScanner.scanJars Al menos un JAR, que se ha explorado buscando TLDs, aún no contenía TLDs. Activar historial de depuración para este historiador para una completa lista de los JARs que fueron explorados y de los que nos se halló TLDs. Saltarse JARs no necesarios durante la exploración puede dar lugar a una mejora de tiempo significativa en el arranque y compilación de JSP .
16-Jun-2025 06:57:50.044 INFO [main] org.apache.catalina.startup.HostConfig.deployDescriptor Deployment of deployment descriptor [D:\PRUEBAS_BRAYAN\apache-tomcat-9.0.106\apache-tomcat-9.0.106\conf\Catalina\localhost\pruebaBrayan.xml] has finished in [2.748] ms
16-Jun-2025 06:57:50.046 INFO [main] org.apache.catalina.startup.HostConfig.deployDirectory Desplegando el directorio [D:\PRUEBAS_BRAYAN\apache-tomcat-9.0.106\apache-tomcat-9.0.106\webapps\docs] de la aplicación web
16-Jun-2025 06:57:50.127 INFO [main] org.apache.catalina.startup.HostConfig.deployDirectory Deployment of web application directory [D:\PRUEBAS_BRAYAN\apache-tomcat-9.0.106\apache-tomcat-9.0.106\webapps\docs] has finished in [80] ms
16-Jun-2025 06:57:50.130 INFO [main] org.apache.catalina.startup.HostConfig.deployDirectory Desplegando el directorio [D:\PRUEBAS_BRAYAN\apache-tomcat-9.0.106\apache-tomcat-9.0.106\webapps\examples] de la aplicación web
16-Jun-2025 06:57:51.355 INFO [main] org.apache.catalina.startup.HostConfig.deployDirectory Deployment of web application directory [D:\PRUEBAS_BRAYAN\apache-tomcat-9.0.106\apache-tomcat-9.0.106\webapps\examples] has finished in [1.227] ms
16-Jun-2025 06:57:51.355 INFO [main] org.apache.catalina.startup.HostConfig.deployDirectory Desplegando el directorio [D:\PRUEBAS_BRAYAN\apache-tomcat-9.0.106\apache-tomcat-9.0.106\webapps\host-manager] de la aplicación web
16-Jun-2025 06:57:51.419 INFO [main] org.apache.catalina.startup.HostConfig.deployDirectory Deployment of web application directory [D:\PRUEBAS_BRAYAN\apache-tomcat-9.0.106\apache-tomcat-9.0.106\webapps\host-manager] has finished in [63] ms
16-Jun-2025 06:57:51.419 INFO [main] org.apache.catalina.startup.HostConfig.deployDirectory Desplegando el directorio [D:\PRUEBAS_BRAYAN\apache-tomcat-9.0.106\apache-tomcat-9.0.106\webapps\manager] de la aplicación web
16-Jun-2025 06:57:51.475 INFO [main] org.apache.catalina.startup.HostConfig.deployDirectory Deployment of web application directory [D:\PRUEBAS_BRAYAN\apache-tomcat-9.0.106\apache-tomcat-9.0.106\webapps\manager] has finished in [54] ms
16-Jun-2025 06:57:51.475 INFO [main] org.apache.catalina.startup.HostConfig.deployDirectory Desplegando el directorio [D:\PRUEBAS_BRAYAN\apache-tomcat-9.0.106\apache-tomcat-9.0.106\webapps\ROOT] de la aplicación web
16-Jun-2025 06:57:51.514 INFO [main] org.apache.catalina.startup.HostConfig.deployDirectory Deployment of web application directory [D:\PRUEBAS_BRAYAN\apache-tomcat-9.0.106\apache-tomcat-9.0.106\webapps\ROOT] has finished in [39] ms
16-Jun-2025 06:57:51.526 INFO [main] org.apache.coyote.AbstractProtocol.start Starting ProtocolHandler ["http-nio-8080"]
16-Jun-2025 06:57:51.580 INFO [main] org.apache.catalina.startup.Catalina.start Server startup in [4416] milliseconds
16-Jun-2025 06:57:54.029 INFO [http-nio-8080-exec-9] org.apache.catalina.startup.HostConfig.deployDescriptor Desplieque del descriptor de configuración [D:\PRUEBAS_BRAYAN\apache-tomcat-9.0.106\apache-tomcat-9.0.106\conf\Catalina\localhost\APIproyecto.xml]
16-Jun-2025 06:57:54.029 WARNING [http-nio-8080-exec-9] org.apache.catalina.startup.HostConfig.deployDescriptor The path attribute with value [/APIproyecto] in deployment descriptor [D:\PRUEBAS_BRAYAN\apache-tomcat-9.0.106\apache-tomcat-9.0.106\conf\Catalina\localhost\APIproyecto.xml] has been ignored
16-Jun-2025 06:57:58.646 INFO [http-nio-8080-exec-9] org.apache.jasper.servlet.TldScanner.scanJars Al menos un JAR, que se ha explorado buscando TLDs, aún no contenía TLDs. Activar historial de depuración para este historiador para una completa lista de los JARs que fueron explorados y de los que nos se halló TLDs. Saltarse JARs no necesarios durante la exploración puede dar lugar a una mejora de tiempo significativa en el arranque y compilación de JSP .
16-Jun-2025 06:57:58.789 WARNING [http-nio-8080-exec-9] org.glassfish.jersey.servlet.init.JerseyServletContainerInitializer.addServletWithApplication Mapping conflict. A Servlet registration exists with same mapping as the Jersey servlet application, named CONFIG.ApplicationConfig, at the servlet mapping, /api/*.
16-Jun-2025 06:58:00.440 WARNING [http-nio-8080-exec-9] org.glassfish.jersey.message.internal.MessagingBinders$EnabledProvidersBinder.bindToBinder A class javax.activation.DataSource for a default provider MessageBodyWriter<javax.activation.DataSource> was not found. The provider is not available.
16-Jun-2025 06:58:00.690 WARNING [http-nio-8080-exec-9] org.glassfish.jersey.server.wadl.WadlFeature.configure JAXBContext implementation could not be found. WADL feature is disabled.
16-Jun-2025 06:58:03.001 WARNING [http-nio-8080-exec-9] org.glassfish.jersey.server.wadl.WadlFeature.configure JAXBContext implementation could not be found. WADL feature is disabled.
16-Jun-2025 06:58:03.044 INFO [http-nio-8080-exec-9] org.apache.catalina.startup.HostConfig.deployDescriptor Deployment of deployment descriptor [D:\PRUEBAS_BRAYAN\apache-tomcat-9.0.106\apache-tomcat-9.0.106\conf\Catalina\localhost\APIproyecto.xml] has finished in [9.015] ms
16-Jun-2025 06:58:03.064 INFO [http-nio-8080-exec-2] org.apache.catalina.util.LifecycleBase.start The start() method was called on component [StandardEngine[Catalina].StandardHost[localhost].StandardContext[/APIproyecto]] after start() had already been called. The second call will be ignored.
16-Jun-2025 07:02:54.709 INFO [http-nio-8080-exec-8] org.apache.catalina.startup.HostConfig.undeploy Repliegue (undeploy) de la aplicación web que tiene como trayectoria de contexto [/APIproyecto]
16-Jun-2025 07:02:54.783 INFO [http-nio-8080-exec-1] org.apache.catalina.startup.HostConfig.deployDescriptor Desplieque del descriptor de configuración [D:\PRUEBAS_BRAYAN\apache-tomcat-9.0.106\apache-tomcat-9.0.106\conf\Catalina\localhost\APIproyecto.xml]
16-Jun-2025 07:02:54.785 WARNING [http-nio-8080-exec-1] org.apache.catalina.startup.HostConfig.deployDescriptor The path attribute with value [/APIproyecto] in deployment descriptor [D:\PRUEBAS_BRAYAN\apache-tomcat-9.0.106\apache-tomcat-9.0.106\conf\Catalina\localhost\APIproyecto.xml] has been ignored
16-Jun-2025 07:02:58.901 INFO [http-nio-8080-exec-1] org.apache.jasper.servlet.TldScanner.scanJars Al menos un JAR, que se ha explorado buscando TLDs, aún no contenía TLDs. Activar historial de depuración para este historiador para una completa lista de los JARs que fueron explorados y de los que nos se halló TLDs. Saltarse JARs no necesarios durante la exploración puede dar lugar a una mejora de tiempo significativa en el arranque y compilación de JSP .
16-Jun-2025 07:02:59.049 WARNING [http-nio-8080-exec-1] org.glassfish.jersey.servlet.init.JerseyServletContainerInitializer.addServletWithApplication Mapping conflict. A Servlet registration exists with same mapping as the Jersey servlet application, named CONFIG.ApplicationConfig, at the servlet mapping, /api/*.
16-Jun-2025 07:03:00.547 WARNING [http-nio-8080-exec-1] org.glassfish.jersey.message.internal.MessagingBinders$EnabledProvidersBinder.bindToBinder A class javax.activation.DataSource for a default provider MessageBodyWriter<javax.activation.DataSource> was not found. The provider is not available.
16-Jun-2025 07:03:00.793 WARNING [http-nio-8080-exec-1] org.glassfish.jersey.server.wadl.WadlFeature.configure JAXBContext implementation could not be found. WADL feature is disabled.
16-Jun-2025 07:03:02.988 WARNING [http-nio-8080-exec-1] org.glassfish.jersey.server.wadl.WadlFeature.configure JAXBContext implementation could not be found. WADL feature is disabled.
16-Jun-2025 07:03:03.039 INFO [http-nio-8080-exec-1] org.apache.catalina.startup.HostConfig.deployDescriptor Deployment of deployment descriptor [D:\PRUEBAS_BRAYAN\apache-tomcat-9.0.106\apache-tomcat-9.0.106\conf\Catalina\localhost\APIproyecto.xml] has finished in [8.257] ms
16-Jun-2025 07:03:03.042 INFO [http-nio-8080-exec-6] org.apache.catalina.util.LifecycleBase.start The start() method was called on component [StandardEngine[Catalina].StandardHost[localhost].StandardContext[/APIproyecto]] after start() had already been called. The second call will be ignored.
16-Jun-2025 07:03:42.360 WARNING [http-nio-8080-exec-13] org.apache.catalina.loader.WebappClassLoaderBase.clearReferencesJdbc La aplicación web [APIproyecto] registró el conductor JDBC [com.mysql.cj.jdbc.Driver] pero falló al anular el registro mientras la aplicación web estaba parada. Para prevenir un fallo de memoria, se ha anulado el registro del conductor JDBC por la fuerza.
16-Jun-2025 07:03:42.360 WARNING [http-nio-8080-exec-13] org.apache.catalina.loader.WebappClassLoaderBase.clearReferencesThreads The web application [APIproyecto] appears to have started a thread named [mysql-cj-abandoned-connection-cleanup] but has failed to stop it. This is very likely to create a memory leak. Stack trace of thread:
 java.base/jdk.internal.misc.Unsafe.park(Native Method)
 java.base/java.util.concurrent.locks.LockSupport.parkNanos(LockSupport.java:269)
 java.base/java.util.concurrent.locks.AbstractQueuedSynchronizer$ConditionObject.await(AbstractQueuedSynchronizer.java:1847)
 java.base/java.lang.ref.ReferenceQueue.await(ReferenceQueue.java:71)
 java.base/java.lang.ref.ReferenceQueue.remove0(ReferenceQueue.java:143)
 java.base/java.lang.ref.ReferenceQueue.remove(ReferenceQueue.java:218)
 com.mysql.cj.jdbc.AbandonedConnectionCleanupThread.run(AbandonedConnectionCleanupThread.java:91)
 java.base/java.util.concurrent.ThreadPoolExecutor.runWorker(ThreadPoolExecutor.java:1144)
 java.base/java.util.concurrent.ThreadPoolExecutor$Worker.run(ThreadPoolExecutor.java:642)
 java.base/java.lang.Thread.run(Thread.java:1570)
16-Jun-2025 07:03:42.875 INFO [http-nio-8080-exec-13] org.apache.catalina.startup.HostConfig.undeploy Repliegue (undeploy) de la aplicación web que tiene como trayectoria de contexto [/APIproyecto]
16-Jun-2025 07:03:42.932 INFO [http-nio-8080-exec-11] org.apache.catalina.startup.HostConfig.deployDescriptor Desplieque del descriptor de configuración [D:\PRUEBAS_BRAYAN\apache-tomcat-9.0.106\apache-tomcat-9.0.106\conf\Catalina\localhost\APIproyecto.xml]
16-Jun-2025 07:03:42.934 WARNING [http-nio-8080-exec-11] org.apache.catalina.startup.HostConfig.deployDescriptor The path attribute with value [/APIproyecto] in deployment descriptor [D:\PRUEBAS_BRAYAN\apache-tomcat-9.0.106\apache-tomcat-9.0.106\conf\Catalina\localhost\APIproyecto.xml] has been ignored
16-Jun-2025 07:03:43.769 INFO [mysql-cj-abandoned-connection-cleanup] org.apache.catalina.loader.WebappClassLoaderBase.checkStateForResourceLoading Acceso ilegal: esta instancia de aplicación web ya ha sido parada.  Could not load [].  La eventual traza de pila que sigue ha sido motivada por un error lanzado con motivos de depuración así como para intentar terminar el hilo que motivó el acceso ilegal y no tiene impacto funcional.
	java.lang.IllegalStateException: Acceso ilegal: esta instancia de aplicación web ya ha sido parada.  Could not load [].  La eventual traza de pila que sigue ha sido motivada por un error lanzado con motivos de depuración así como para intentar terminar el hilo que motivó el acceso ilegal y no tiene impacto funcional.
		at org.apache.catalina.loader.WebappClassLoaderBase.checkStateForResourceLoading(WebappClassLoaderBase.java:1374)
		at org.apache.catalina.loader.WebappClassLoaderBase.getResource(WebappClassLoaderBase.java:997)
		at com.mysql.cj.jdbc.AbandonedConnectionCleanupThread.checkThreadContextClassLoader(AbandonedConnectionCleanupThread.java:123)
		at com.mysql.cj.jdbc.AbandonedConnectionCleanupThread.run(AbandonedConnectionCleanupThread.java:90)
		at java.base/java.util.concurrent.ThreadPoolExecutor.runWorker(ThreadPoolExecutor.java:1144)
		at java.base/java.util.concurrent.ThreadPoolExecutor$Worker.run(ThreadPoolExecutor.java:642)
		at java.base/java.lang.Thread.run(Thread.java:1570)
16-Jun-2025 07:03:46.812 INFO [http-nio-8080-exec-11] org.apache.jasper.servlet.TldScanner.scanJars Al menos un JAR, que se ha explorado buscando TLDs, aún no contenía TLDs. Activar historial de depuración para este historiador para una completa lista de los JARs que fueron explorados y de los que nos se halló TLDs. Saltarse JARs no necesarios durante la exploración puede dar lugar a una mejora de tiempo significativa en el arranque y compilación de JSP .
16-Jun-2025 07:03:46.957 WARNING [http-nio-8080-exec-11] org.glassfish.jersey.servlet.init.JerseyServletContainerInitializer.addServletWithApplication Mapping conflict. A Servlet registration exists with same mapping as the Jersey servlet application, named CONFIG.ApplicationConfig, at the servlet mapping, /api/*.
16-Jun-2025 07:03:48.430 WARNING [http-nio-8080-exec-11] org.glassfish.jersey.message.internal.MessagingBinders$EnabledProvidersBinder.bindToBinder A class javax.activation.DataSource for a default provider MessageBodyWriter<javax.activation.DataSource> was not found. The provider is not available.
16-Jun-2025 07:03:48.653 WARNING [http-nio-8080-exec-11] org.glassfish.jersey.server.wadl.WadlFeature.configure JAXBContext implementation could not be found. WADL feature is disabled.
16-Jun-2025 07:03:50.809 WARNING [http-nio-8080-exec-11] org.glassfish.jersey.server.wadl.WadlFeature.configure JAXBContext implementation could not be found. WADL feature is disabled.
16-Jun-2025 07:03:50.856 INFO [http-nio-8080-exec-11] org.apache.catalina.startup.HostConfig.deployDescriptor Deployment of deployment descriptor [D:\PRUEBAS_BRAYAN\apache-tomcat-9.0.106\apache-tomcat-9.0.106\conf\Catalina\localhost\APIproyecto.xml] has finished in [7.924] ms
16-Jun-2025 07:03:50.861 INFO [http-nio-8080-exec-6] org.apache.catalina.util.LifecycleBase.start The start() method was called on component [StandardEngine[Catalina].StandardHost[localhost].StandardContext[/APIproyecto]] after start() had already been called. The second call will be ignored.
16-Jun-2025 07:20:31.540 WARNING [http-nio-8080-exec-21] org.apache.catalina.loader.WebappClassLoaderBase.clearReferencesJdbc La aplicación web [APIproyecto] registró el conductor JDBC [com.mysql.cj.jdbc.Driver] pero falló al anular el registro mientras la aplicación web estaba parada. Para prevenir un fallo de memoria, se ha anulado el registro del conductor JDBC por la fuerza.
16-Jun-2025 07:20:31.540 WARNING [http-nio-8080-exec-21] org.apache.catalina.loader.WebappClassLoaderBase.clearReferencesThreads The web application [APIproyecto] appears to have started a thread named [mysql-cj-abandoned-connection-cleanup] but has failed to stop it. This is very likely to create a memory leak. Stack trace of thread:
 java.base/jdk.internal.misc.Unsafe.park(Native Method)
 java.base/java.util.concurrent.locks.LockSupport.parkNanos(LockSupport.java:269)
 java.base/java.util.concurrent.locks.AbstractQueuedSynchronizer$ConditionObject.await(AbstractQueuedSynchronizer.java:1847)
 java.base/java.lang.ref.ReferenceQueue.await(ReferenceQueue.java:71)
 java.base/java.lang.ref.ReferenceQueue.remove0(ReferenceQueue.java:143)
 java.base/java.lang.ref.ReferenceQueue.remove(ReferenceQueue.java:218)
 com.mysql.cj.jdbc.AbandonedConnectionCleanupThread.run(AbandonedConnectionCleanupThread.java:91)
 java.base/java.util.concurrent.ThreadPoolExecutor.runWorker(ThreadPoolExecutor.java:1144)
 java.base/java.util.concurrent.ThreadPoolExecutor$Worker.run(ThreadPoolExecutor.java:642)
 java.base/java.lang.Thread.run(Thread.java:1570)
16-Jun-2025 07:20:32.062 INFO [http-nio-8080-exec-21] org.apache.catalina.startup.HostConfig.undeploy Repliegue (undeploy) de la aplicación web que tiene como trayectoria de contexto [/APIproyecto]
16-Jun-2025 07:20:36.310 INFO [mysql-cj-abandoned-connection-cleanup] org.apache.catalina.loader.WebappClassLoaderBase.checkStateForResourceLoading Acceso ilegal: esta instancia de aplicación web ya ha sido parada.  Could not load [].  La eventual traza de pila que sigue ha sido motivada por un error lanzado con motivos de depuración así como para intentar terminar el hilo que motivó el acceso ilegal y no tiene impacto funcional.
	java.lang.IllegalStateException: Acceso ilegal: esta instancia de aplicación web ya ha sido parada.  Could not load [].  La eventual traza de pila que sigue ha sido motivada por un error lanzado con motivos de depuración así como para intentar terminar el hilo que motivó el acceso ilegal y no tiene impacto funcional.
		at org.apache.catalina.loader.WebappClassLoaderBase.checkStateForResourceLoading(WebappClassLoaderBase.java:1374)
		at org.apache.catalina.loader.WebappClassLoaderBase.getResource(WebappClassLoaderBase.java:997)
		at com.mysql.cj.jdbc.AbandonedConnectionCleanupThread.checkThreadContextClassLoader(AbandonedConnectionCleanupThread.java:123)
		at com.mysql.cj.jdbc.AbandonedConnectionCleanupThread.run(AbandonedConnectionCleanupThread.java:90)
		at java.base/java.util.concurrent.ThreadPoolExecutor.runWorker(ThreadPoolExecutor.java:1144)
		at java.base/java.util.concurrent.ThreadPoolExecutor$Worker.run(ThreadPoolExecutor.java:642)
		at java.base/java.lang.Thread.run(Thread.java:1570)
16-Jun-2025 07:21:06.476 INFO [http-nio-8080-exec-24] org.apache.catalina.startup.HostConfig.deployDescriptor Desplieque del descriptor de configuración [D:\PRUEBAS_BRAYAN\apache-tomcat-9.0.106\apache-tomcat-9.0.106\conf\Catalina\localhost\APIproyecto.xml]
16-Jun-2025 07:21:06.476 WARNING [http-nio-8080-exec-24] org.apache.catalina.startup.HostConfig.deployDescriptor The path attribute with value [/APIproyecto] in deployment descriptor [D:\PRUEBAS_BRAYAN\apache-tomcat-9.0.106\apache-tomcat-9.0.106\conf\Catalina\localhost\APIproyecto.xml] has been ignored
16-Jun-2025 07:21:10.413 INFO [http-nio-8080-exec-24] org.apache.jasper.servlet.TldScanner.scanJars Al menos un JAR, que se ha explorado buscando TLDs, aún no contenía TLDs. Activar historial de depuración para este historiador para una completa lista de los JARs que fueron explorados y de los que nos se halló TLDs. Saltarse JARs no necesarios durante la exploración puede dar lugar a una mejora de tiempo significativa en el arranque y compilación de JSP .
16-Jun-2025 07:21:10.567 WARNING [http-nio-8080-exec-24] org.glassfish.jersey.servlet.init.JerseyServletContainerInitializer.addServletWithApplication Mapping conflict. A Servlet registration exists with same mapping as the Jersey servlet application, named CONFIG.ApplicationConfig, at the servlet mapping, /api/*.
16-Jun-2025 07:21:12.026 WARNING [http-nio-8080-exec-24] org.glassfish.jersey.message.internal.MessagingBinders$EnabledProvidersBinder.bindToBinder A class javax.activation.DataSource for a default provider MessageBodyWriter<javax.activation.DataSource> was not found. The provider is not available.
16-Jun-2025 07:21:12.256 WARNING [http-nio-8080-exec-24] org.glassfish.jersey.server.wadl.WadlFeature.configure JAXBContext implementation could not be found. WADL feature is disabled.
16-Jun-2025 07:21:14.437 WARNING [http-nio-8080-exec-24] org.glassfish.jersey.server.wadl.WadlFeature.configure JAXBContext implementation could not be found. WADL feature is disabled.
16-Jun-2025 07:21:14.485 INFO [http-nio-8080-exec-24] org.apache.catalina.startup.HostConfig.deployDescriptor Deployment of deployment descriptor [D:\PRUEBAS_BRAYAN\apache-tomcat-9.0.106\apache-tomcat-9.0.106\conf\Catalina\localhost\APIproyecto.xml] has finished in [8.008] ms
16-Jun-2025 07:21:14.490 INFO [http-nio-8080-exec-28] org.apache.catalina.util.LifecycleBase.start The start() method was called on component [StandardEngine[Catalina].StandardHost[localhost].StandardContext[/APIproyecto]] after start() had already been called. The second call will be ignored.
16-Jun-2025 12:02:25.612 INFO [main] org.apache.catalina.core.StandardServer.await Se ha recibido un comando de apagado a través del puerto de apagado. Parando la instancia del Servidor.
16-Jun-2025 12:02:25.613 INFO [main] org.apache.coyote.AbstractProtocol.pause Pausing ProtocolHandler ["http-nio-8080"]
16-Jun-2025 12:02:25.630 INFO [main] org.apache.catalina.core.StandardService.stopInternal Parando servicio [Catalina]
16-Jun-2025 12:02:27.250 WARNING [main] org.apache.catalina.loader.WebappClassLoaderBase.clearReferencesJdbc La aplicación web [APIproyecto] registró el conductor JDBC [com.mysql.cj.jdbc.Driver] pero falló al anular el registro mientras la aplicación web estaba parada. Para prevenir un fallo de memoria, se ha anulado el registro del conductor JDBC por la fuerza.
16-Jun-2025 12:02:27.251 WARNING [main] org.apache.catalina.loader.WebappClassLoaderBase.clearReferencesThreads The web application [APIproyecto] appears to have started a thread named [mysql-cj-abandoned-connection-cleanup] but has failed to stop it. This is very likely to create a memory leak. Stack trace of thread:
 java.base/jdk.internal.misc.Unsafe.park(Native Method)
 java.base/java.util.concurrent.locks.LockSupport.parkNanos(LockSupport.java:269)
 java.base/java.util.concurrent.locks.AbstractQueuedSynchronizer$ConditionObject.await(AbstractQueuedSynchronizer.java:1847)
 java.base/java.lang.ref.ReferenceQueue.await(ReferenceQueue.java:71)
 java.base/java.lang.ref.ReferenceQueue.remove0(ReferenceQueue.java:143)
 java.base/java.lang.ref.ReferenceQueue.remove(ReferenceQueue.java:218)
 com.mysql.cj.jdbc.AbandonedConnectionCleanupThread.run(AbandonedConnectionCleanupThread.java:91)
 java.base/java.util.concurrent.ThreadPoolExecutor.runWorker(ThreadPoolExecutor.java:1144)
 java.base/java.util.concurrent.ThreadPoolExecutor$Worker.run(ThreadPoolExecutor.java:642)
 java.base/java.lang.Thread.run(Thread.java:1570)
16-Jun-2025 12:02:27.281 INFO [main] org.apache.coyote.AbstractProtocol.stop Stopping ProtocolHandler ["http-nio-8080"]
16-Jun-2025 12:02:27.290 INFO [main] org.apache.coyote.AbstractProtocol.destroy Destroying ProtocolHandler ["http-nio-8080"]
