19-Jun-2025 13:44:39.193 INFO [main] org.apache.catalina.startup.VersionLoggerListener.log Nombre de la versión del servidor: Apache Tomcat/9.0.106
19-Jun-2025 13:44:39.200 INFO [main] org.apache.catalina.startup.VersionLoggerListener.log Server built:                      Jun 5 2025 19:02:30 UTC
19-Jun-2025 13:44:39.201 INFO [main] org.apache.catalina.startup.VersionLoggerListener.log Número de versión de servidor:     9.0.106.0
19-Jun-2025 13:44:39.201 INFO [main] org.apache.catalina.startup.VersionLoggerListener.log OS Name:                           Windows 11
19-Jun-2025 13:44:39.201 INFO [main] org.apache.catalina.startup.VersionLoggerListener.log Versión de Systema Operativo:      10.0
19-Jun-2025 13:44:39.201 INFO [main] org.apache.catalina.startup.VersionLoggerListener.log Arquitectura:                      amd64
19-Jun-2025 13:44:39.201 INFO [main] org.apache.catalina.startup.VersionLoggerListener.log Java Home:                         C:\Program Files\Java\jdk-22
19-Jun-2025 13:44:39.202 INFO [main] org.apache.catalina.startup.VersionLoggerListener.log JVM Version:                       22.0.1+8-16
19-Jun-2025 13:44:39.202 INFO [main] org.apache.catalina.startup.VersionLoggerListener.log Vededor JVM:                       Oracle Corporation
19-Jun-2025 13:44:39.202 INFO [main] org.apache.catalina.startup.VersionLoggerListener.log CATALINA_BASE:                     D:\PRUEBAS_BRAYAN\apache-tomcat-9.0.106\apache-tomcat-9.0.106
19-Jun-2025 13:44:39.202 INFO [main] org.apache.catalina.startup.VersionLoggerListener.log CATALINA_HOME:                     D:\PRUEBAS_BRAYAN\apache-tomcat-9.0.106\apache-tomcat-9.0.106
19-Jun-2025 13:44:39.218 INFO [main] org.apache.catalina.startup.VersionLoggerListener.log Command line argument:             --add-opens=java.base/java.lang=ALL-UNNAMED
19-Jun-2025 13:44:39.218 INFO [main] org.apache.catalina.startup.VersionLoggerListener.log Command line argument:             --add-opens=java.base/java.lang.invoke=ALL-UNNAMED
19-Jun-2025 13:44:39.218 INFO [main] org.apache.catalina.startup.VersionLoggerListener.log Command line argument:             --add-opens=java.base/java.lang.reflect=ALL-UNNAMED
19-Jun-2025 13:44:39.218 INFO [main] org.apache.catalina.startup.VersionLoggerListener.log Command line argument:             --add-opens=java.base/java.io=ALL-UNNAMED
19-Jun-2025 13:44:39.219 INFO [main] org.apache.catalina.startup.VersionLoggerListener.log Command line argument:             --add-opens=java.base/java.util=ALL-UNNAMED
19-Jun-2025 13:44:39.219 INFO [main] org.apache.catalina.startup.VersionLoggerListener.log Command line argument:             --add-opens=java.base/java.util.concurrent=ALL-UNNAMED
19-Jun-2025 13:44:39.219 INFO [main] org.apache.catalina.startup.VersionLoggerListener.log Command line argument:             --add-opens=java.rmi/sun.rmi.transport=ALL-UNNAMED
19-Jun-2025 13:44:39.219 INFO [main] org.apache.catalina.startup.VersionLoggerListener.log Command line argument:             -Djava.util.logging.config.file=D:\PRUEBAS_BRAYAN\apache-tomcat-9.0.106\apache-tomcat-9.0.106\conf\logging.properties
19-Jun-2025 13:44:39.219 INFO [main] org.apache.catalina.startup.VersionLoggerListener.log Command line argument:             -Djava.util.logging.manager=org.apache.juli.ClassLoaderLogManager
19-Jun-2025 13:44:39.220 INFO [main] org.apache.catalina.startup.VersionLoggerListener.log Command line argument:             -Dhttp.nonProxyHosts=localhost|127.0.0.1|GIRAPRCIMFSD153
19-Jun-2025 13:44:39.220 INFO [main] org.apache.catalina.startup.VersionLoggerListener.log Command line argument:             -Djdk.tls.ephemeralDHKeySize=2048
19-Jun-2025 13:44:39.220 INFO [main] org.apache.catalina.startup.VersionLoggerListener.log Command line argument:             -Djava.protocol.handler.pkgs=org.apache.catalina.webresources
19-Jun-2025 13:44:39.220 INFO [main] org.apache.catalina.startup.VersionLoggerListener.log Command line argument:             -Dsun.io.useCanonCaches=false
19-Jun-2025 13:44:39.220 INFO [main] org.apache.catalina.startup.VersionLoggerListener.log Command line argument:             -Dignore.endorsed.dirs=
19-Jun-2025 13:44:39.221 INFO [main] org.apache.catalina.startup.VersionLoggerListener.log Command line argument:             -Dcatalina.base=D:\PRUEBAS_BRAYAN\apache-tomcat-9.0.106\apache-tomcat-9.0.106
19-Jun-2025 13:44:39.221 INFO [main] org.apache.catalina.startup.VersionLoggerListener.log Command line argument:             -Dcatalina.home=D:\PRUEBAS_BRAYAN\apache-tomcat-9.0.106\apache-tomcat-9.0.106
19-Jun-2025 13:44:39.221 INFO [main] org.apache.catalina.startup.VersionLoggerListener.log Command line argument:             -Djava.io.tmpdir=D:\PRUEBAS_BRAYAN\apache-tomcat-9.0.106\apache-tomcat-9.0.106\temp
19-Jun-2025 13:44:39.239 INFO [main] org.apache.catalina.core.AprLifecycleListener.lifecycleEvent La biblioteca nativa de Apache Tomcat basada en ARP que permite un rendimiento óptimo en entornos de desarrollo no ha sido hallada en java.library.path: [C:\Program Files\Java\jdk-22\bin;C:\WINDOWS\Sun\Java\bin;C:\WINDOWS\system32;C:\WINDOWS;C:\Program Files\Common Files\Oracle\Java\javapath;C:\Program Files (x86)\VMware\VMware Player\bin\;C:\Program Files (x86)\Common Files\Intel\Shared Libraries\redist\intel64\compiler;C:\WINDOWS\system32;C:\WINDOWS;C:\WINDOWS\System32\Wbem;C:\WINDOWS\System32\WindowsPowerShell\v1.0\;C:\WINDOWS\System32\OpenSSH\;C:\Program Files\Git\cmd;C:\Program Files (x86)\Microsoft SQL Server\150\DTS\Binn\;C:\Program Files\Azure Data Studio\bin;C:\Program Files\Microsoft SQL Server\Client SDK\ODBC\170\Tools\Binn\;C:\Program Files (x86)\Microsoft SQL Server\150\Tools\Binn\;C:\Program Files\Microsoft SQL Server\150\Tools\Binn\;C:\Program Files\Microsoft SQL Server\150\DTS\Binn\;C:\Program Files\dotnet\;C:\ProgramData\ComposerSetup\bin;C:\Users\Windows 10\AppData\Local\Programs\Python\Python312;C:\Program Files\nodejs\;C:\Users\Windows 10\AppData\Local\Programs\Python\Python312\Scripts\;C:\Users\Windows 10\AppData\Local\Programs\Python\Python312\;C:\Users\Windows 10\AppData\Local\Microsoft\WindowsApps;C:\Program Files\Azure Data Studio\bin;C:\Users\Windows 10\AppData\Local\Programs\Microsoft VS Code\bin;C:\xampp\php;C:\Users\Windows 10\composer;C:\Users\Windows 10\AppData\Roaming\Composer\vendor\bin;C:\Users\Windows 10\.dotnet\tools;C:\Users\Windows 10\AppData\Roaming\npm;.]
19-Jun-2025 13:44:39.907 INFO [main] org.apache.coyote.AbstractProtocol.init Inicializando el manejador de protocolo ["http-nio-8080"]

19-Jun-2025 13:44:39.949 INFO [main] org.apache.catalina.startup.Catalina.load Server initialization in [1165] milliseconds
19-Jun-2025 13:44:40.042 INFO [main] org.apache.catalina.core.StandardService.startInternal Arrancando servicio [Catalina]
19-Jun-2025 13:44:40.042 INFO [main] org.apache.catalina.core.StandardEngine.startInternal Starting Servlet engine: [Apache Tomcat/9.0.106]
19-Jun-2025 13:44:40.060 INFO [main] org.apache.catalina.startup.HostConfig.deployDescriptor Desplieque del descriptor de configuración [D:\PRUEBAS_BRAYAN\apache-tomcat-9.0.106\apache-tomcat-9.0.106\conf\Catalina\localhost\APIproyecto.xml]
19-Jun-2025 13:44:40.099 WARNING [main] org.apache.catalina.startup.HostConfig.deployDescriptor The path attribute with value [/APIproyecto] in deployment descriptor [D:\PRUEBAS_BRAYAN\apache-tomcat-9.0.106\apache-tomcat-9.0.106\conf\Catalina\localhost\APIproyecto.xml] has been ignored
19-Jun-2025 13:44:42.648 INFO [main] org.apache.jasper.servlet.TldScanner.scanJars Al menos un JAR, que se ha explorado buscando TLDs, aún no contenía TLDs. Activar historial de depuración para este historiador para una completa lista de los JARs que fueron explorados y de los que nos se halló TLDs. Saltarse JARs no necesarios durante la exploración puede dar lugar a una mejora de tiempo significativa en el arranque y compilación de JSP .
19-Jun-2025 13:44:43.495 WARNING [main] org.glassfish.jersey.message.internal.MessagingBinders$EnabledProvidersBinder.bindToBinder A class javax.activation.DataSource for a default provider MessageBodyWriter<javax.activation.DataSource> was not found. The provider is not available.
19-Jun-2025 13:44:43.608 WARNING [main] org.glassfish.jersey.server.wadl.WadlFeature.configure JAXBContext implementation could not be found. WADL feature is disabled.
19-Jun-2025 13:44:44.677 INFO [main] org.apache.catalina.startup.HostConfig.deployDescriptor Deployment of deployment descriptor [D:\PRUEBAS_BRAYAN\apache-tomcat-9.0.106\apache-tomcat-9.0.106\conf\Catalina\localhost\APIproyecto.xml] has finished in [4.616] ms
19-Jun-2025 13:44:44.678 INFO [main] org.apache.catalina.startup.HostConfig.deployDescriptor Desplieque del descriptor de configuración [D:\PRUEBAS_BRAYAN\apache-tomcat-9.0.106\apache-tomcat-9.0.106\conf\Catalina\localhost\pruebaBrayan.xml]
19-Jun-2025 13:44:44.680 WARNING [main] org.apache.catalina.startup.HostConfig.deployDescriptor The path attribute with value [/pruebaBrayan] in deployment descriptor [D:\PRUEBAS_BRAYAN\apache-tomcat-9.0.106\apache-tomcat-9.0.106\conf\Catalina\localhost\pruebaBrayan.xml] has been ignored
19-Jun-2025 13:44:46.423 INFO [main] org.apache.jasper.servlet.TldScanner.scanJars Al menos un JAR, que se ha explorado buscando TLDs, aún no contenía TLDs. Activar historial de depuración para este historiador para una completa lista de los JARs que fueron explorados y de los que nos se halló TLDs. Saltarse JARs no necesarios durante la exploración puede dar lugar a una mejora de tiempo significativa en el arranque y compilación de JSP .
19-Jun-2025 13:44:46.429 INFO [main] org.apache.catalina.startup.HostConfig.deployDescriptor Deployment of deployment descriptor [D:\PRUEBAS_BRAYAN\apache-tomcat-9.0.106\apache-tomcat-9.0.106\conf\Catalina\localhost\pruebaBrayan.xml] has finished in [1.751] ms
19-Jun-2025 13:44:46.431 INFO [main] org.apache.catalina.startup.HostConfig.deployDirectory Desplegando el directorio [D:\PRUEBAS_BRAYAN\apache-tomcat-9.0.106\apache-tomcat-9.0.106\webapps\docs] de la aplicación web
19-Jun-2025 13:44:46.479 INFO [main] org.apache.catalina.startup.HostConfig.deployDirectory Deployment of web application directory [D:\PRUEBAS_BRAYAN\apache-tomcat-9.0.106\apache-tomcat-9.0.106\webapps\docs] has finished in [48] ms
19-Jun-2025 13:44:46.479 INFO [main] org.apache.catalina.startup.HostConfig.deployDirectory Desplegando el directorio [D:\PRUEBAS_BRAYAN\apache-tomcat-9.0.106\apache-tomcat-9.0.106\webapps\examples] de la aplicación web
19-Jun-2025 13:44:47.586 INFO [main] org.apache.catalina.startup.HostConfig.deployDirectory Deployment of web application directory [D:\PRUEBAS_BRAYAN\apache-tomcat-9.0.106\apache-tomcat-9.0.106\webapps\examples] has finished in [1.107] ms
19-Jun-2025 13:44:47.587 INFO [main] org.apache.catalina.startup.HostConfig.deployDirectory Desplegando el directorio [D:\PRUEBAS_BRAYAN\apache-tomcat-9.0.106\apache-tomcat-9.0.106\webapps\host-manager] de la aplicación web
19-Jun-2025 13:44:47.642 INFO [main] org.apache.catalina.startup.HostConfig.deployDirectory Deployment of web application directory [D:\PRUEBAS_BRAYAN\apache-tomcat-9.0.106\apache-tomcat-9.0.106\webapps\host-manager] has finished in [55] ms
19-Jun-2025 13:44:47.642 INFO [main] org.apache.catalina.startup.HostConfig.deployDirectory Desplegando el directorio [D:\PRUEBAS_BRAYAN\apache-tomcat-9.0.106\apache-tomcat-9.0.106\webapps\manager] de la aplicación web
19-Jun-2025 13:44:47.698 INFO [main] org.apache.catalina.startup.HostConfig.deployDirectory Deployment of web application directory [D:\PRUEBAS_BRAYAN\apache-tomcat-9.0.106\apache-tomcat-9.0.106\webapps\manager] has finished in [55] ms
19-Jun-2025 13:44:47.698 INFO [main] org.apache.catalina.startup.HostConfig.deployDirectory Desplegando el directorio [D:\PRUEBAS_BRAYAN\apache-tomcat-9.0.106\apache-tomcat-9.0.106\webapps\ROOT] de la aplicación web
19-Jun-2025 13:44:47.733 INFO [main] org.apache.catalina.startup.HostConfig.deployDirectory Deployment of web application directory [D:\PRUEBAS_BRAYAN\apache-tomcat-9.0.106\apache-tomcat-9.0.106\webapps\ROOT] has finished in [35] ms
19-Jun-2025 13:44:47.742 INFO [main] org.apache.coyote.AbstractProtocol.start Starting ProtocolHandler ["http-nio-8080"]
19-Jun-2025 13:44:47.790 INFO [main] org.apache.catalina.startup.Catalina.start Server startup in [7836] milliseconds
19-Jun-2025 13:44:50.419 INFO [http-nio-8080-exec-10] org.apache.catalina.startup.HostConfig.undeploy Repliegue (undeploy) de la aplicación web que tiene como trayectoria de contexto [/APIproyecto]
19-Jun-2025 13:44:50.496 INFO [http-nio-8080-exec-5] org.apache.catalina.startup.HostConfig.deployDescriptor Desplieque del descriptor de configuración [D:\PRUEBAS_BRAYAN\apache-tomcat-9.0.106\apache-tomcat-9.0.106\conf\Catalina\localhost\APIproyecto.xml]
19-Jun-2025 13:44:50.498 WARNING [http-nio-8080-exec-5] org.apache.catalina.startup.HostConfig.deployDescriptor The path attribute with value [/APIproyecto] in deployment descriptor [D:\PRUEBAS_BRAYAN\apache-tomcat-9.0.106\apache-tomcat-9.0.106\conf\Catalina\localhost\APIproyecto.xml] has been ignored
19-Jun-2025 13:44:52.034 INFO [http-nio-8080-exec-5] org.apache.jasper.servlet.TldScanner.scanJars Al menos un JAR, que se ha explorado buscando TLDs, aún no contenía TLDs. Activar historial de depuración para este historiador para una completa lista de los JARs que fueron explorados y de los que nos se halló TLDs. Saltarse JARs no necesarios durante la exploración puede dar lugar a una mejora de tiempo significativa en el arranque y compilación de JSP .
19-Jun-2025 13:44:52.650 WARNING [http-nio-8080-exec-5] org.glassfish.jersey.message.internal.MessagingBinders$EnabledProvidersBinder.bindToBinder A class javax.activation.DataSource for a default provider MessageBodyWriter<javax.activation.DataSource> was not found. The provider is not available.
19-Jun-2025 13:44:52.738 WARNING [http-nio-8080-exec-5] org.glassfish.jersey.server.wadl.WadlFeature.configure JAXBContext implementation could not be found. WADL feature is disabled.
19-Jun-2025 13:44:53.627 INFO [http-nio-8080-exec-5] org.apache.catalina.startup.HostConfig.deployDescriptor Deployment of deployment descriptor [D:\PRUEBAS_BRAYAN\apache-tomcat-9.0.106\apache-tomcat-9.0.106\conf\Catalina\localhost\APIproyecto.xml] has finished in [3.130] ms
19-Jun-2025 13:44:53.633 INFO [http-nio-8080-exec-9] org.apache.catalina.util.LifecycleBase.start The start() method was called on component [StandardEngine[Catalina].StandardHost[localhost].StandardContext[/APIproyecto]] after start() had already been called. The second call will be ignored.
19-Jun-2025 14:06:41.326 WARNING [http-nio-8080-exec-20] org.apache.catalina.loader.WebappClassLoaderBase.clearReferencesJdbc La aplicación web [APIproyecto] registró el conductor JDBC [com.mysql.cj.jdbc.Driver] pero falló al anular el registro mientras la aplicación web estaba parada. Para prevenir un fallo de memoria, se ha anulado el registro del conductor JDBC por la fuerza.
19-Jun-2025 14:06:41.326 WARNING [http-nio-8080-exec-20] org.apache.catalina.loader.WebappClassLoaderBase.clearReferencesThreads The web application [APIproyecto] appears to have started a thread named [mysql-cj-abandoned-connection-cleanup] but has failed to stop it. This is very likely to create a memory leak. Stack trace of thread:
 java.base/jdk.internal.misc.Unsafe.park(Native Method)
 java.base/java.util.concurrent.locks.LockSupport.parkNanos(LockSupport.java:269)
 java.base/java.util.concurrent.locks.AbstractQueuedSynchronizer$ConditionObject.await(AbstractQueuedSynchronizer.java:1847)
 java.base/java.lang.ref.ReferenceQueue.await(ReferenceQueue.java:71)
 java.base/java.lang.ref.ReferenceQueue.remove0(ReferenceQueue.java:143)
 java.base/java.lang.ref.ReferenceQueue.remove(ReferenceQueue.java:218)
 com.mysql.cj.jdbc.AbandonedConnectionCleanupThread.run(AbandonedConnectionCleanupThread.java:91)
 java.base/java.util.concurrent.ThreadPoolExecutor.runWorker(ThreadPoolExecutor.java:1144)
 java.base/java.util.concurrent.ThreadPoolExecutor$Worker.run(ThreadPoolExecutor.java:642)
 java.base/java.lang.Thread.run(Thread.java:1570)
19-Jun-2025 14:06:41.834 INFO [http-nio-8080-exec-20] org.apache.catalina.startup.HostConfig.undeploy Repliegue (undeploy) de la aplicación web que tiene como trayectoria de contexto [/APIproyecto]
19-Jun-2025 14:06:42.244 INFO [mysql-cj-abandoned-connection-cleanup] org.apache.catalina.loader.WebappClassLoaderBase.checkStateForResourceLoading Acceso ilegal: esta instancia de aplicación web ya ha sido parada.  Could not load [].  La eventual traza de pila que sigue ha sido motivada por un error lanzado con motivos de depuración así como para intentar terminar el hilo que motivó el acceso ilegal y no tiene impacto funcional.
	java.lang.IllegalStateException: Acceso ilegal: esta instancia de aplicación web ya ha sido parada.  Could not load [].  La eventual traza de pila que sigue ha sido motivada por un error lanzado con motivos de depuración así como para intentar terminar el hilo que motivó el acceso ilegal y no tiene impacto funcional.
		at org.apache.catalina.loader.WebappClassLoaderBase.checkStateForResourceLoading(WebappClassLoaderBase.java:1374)
		at org.apache.catalina.loader.WebappClassLoaderBase.getResource(WebappClassLoaderBase.java:997)
		at com.mysql.cj.jdbc.AbandonedConnectionCleanupThread.checkThreadContextClassLoader(AbandonedConnectionCleanupThread.java:123)
		at com.mysql.cj.jdbc.AbandonedConnectionCleanupThread.run(AbandonedConnectionCleanupThread.java:90)
		at java.base/java.util.concurrent.ThreadPoolExecutor.runWorker(ThreadPoolExecutor.java:1144)
		at java.base/java.util.concurrent.ThreadPoolExecutor$Worker.run(ThreadPoolExecutor.java:642)
		at java.base/java.lang.Thread.run(Thread.java:1570)
19-Jun-2025 14:09:08.992 INFO [http-nio-8080-exec-15] org.apache.catalina.startup.HostConfig.deployDescriptor Desplieque del descriptor de configuración [D:\PRUEBAS_BRAYAN\apache-tomcat-9.0.106\apache-tomcat-9.0.106\conf\Catalina\localhost\APIproyecto.xml]
19-Jun-2025 14:09:08.995 WARNING [http-nio-8080-exec-15] org.apache.catalina.startup.HostConfig.deployDescriptor The path attribute with value [/APIproyecto] in deployment descriptor [D:\PRUEBAS_BRAYAN\apache-tomcat-9.0.106\apache-tomcat-9.0.106\conf\Catalina\localhost\APIproyecto.xml] has been ignored
19-Jun-2025 14:09:13.071 INFO [http-nio-8080-exec-15] org.apache.jasper.servlet.TldScanner.scanJars Al menos un JAR, que se ha explorado buscando TLDs, aún no contenía TLDs. Activar historial de depuración para este historiador para una completa lista de los JARs que fueron explorados y de los que nos se halló TLDs. Saltarse JARs no necesarios durante la exploración puede dar lugar a una mejora de tiempo significativa en el arranque y compilación de JSP .
19-Jun-2025 14:09:14.725 WARNING [http-nio-8080-exec-15] org.glassfish.jersey.message.internal.MessagingBinders$EnabledProvidersBinder.bindToBinder A class javax.activation.DataSource for a default provider MessageBodyWriter<javax.activation.DataSource> was not found. The provider is not available.
19-Jun-2025 14:09:14.986 WARNING [http-nio-8080-exec-15] org.glassfish.jersey.server.wadl.WadlFeature.configure JAXBContext implementation could not be found. WADL feature is disabled.
19-Jun-2025 14:09:17.241 INFO [http-nio-8080-exec-15] org.apache.catalina.startup.HostConfig.deployDescriptor Deployment of deployment descriptor [D:\PRUEBAS_BRAYAN\apache-tomcat-9.0.106\apache-tomcat-9.0.106\conf\Catalina\localhost\APIproyecto.xml] has finished in [8.249] ms
19-Jun-2025 14:09:17.248 INFO [http-nio-8080-exec-14] org.apache.catalina.util.LifecycleBase.start The start() method was called on component [StandardEngine[Catalina].StandardHost[localhost].StandardContext[/APIproyecto]] after start() had already been called. The second call will be ignored.
