11-Aug-2025 09:07:34.003 INFO [main] org.apache.catalina.core.ApplicationContext.log ContextListener: contextInitialized()
11-Aug-2025 09:07:34.003 INFO [main] org.apache.catalina.core.ApplicationContext.log SessionListener: contextInitialized()
11-Aug-2025 09:07:34.005 INFO [main] org.apache.catalina.core.ApplicationContext.log ContextListener: attributeAdded('StockTicker', 'async.Stockticker@2fd1731c')
11-Aug-2025 09:07:41.325 SEVERE [http-nio-8080-exec-9] org.apache.catalina.core.ApplicationContext.log Servlet.init() para servlet [MODELO.RestConfig] lanzó excepción
	org.glassfish.jersey.server.model.ModelValidationException: Validation of the application resource model has failed during application initialization.
[[FATAL] No injection source found for a parameter of type public javax.ws.rs.core.Response CONTROLADOR.ImagenesController.crearImagen(java.io.InputStream,org.glassfish.jersey.media.multipart.FormDataContentDisposition) at index 0.; source='ResourceMethod{httpMethod=POST, consumedTypes=[multipart/form-data], producedTypes=[application/json], suspended=false, suspendTimeout=0, suspendTimeoutUnit=MILLISECONDS, invocable=Invocable{handler=ClassBasedMethodHandler{handlerClass=class CONTROLADOR.ImagenesController, handlerConstructors=[org.glassfish.jersey.server.model.HandlerConstructor@7229654a]}, definitionMethod=public javax.ws.rs.core.Response CONTROLADOR.ImagenesController.crearImagen(java.io.InputStream,org.glassfish.jersey.media.multipart.FormDataContentDisposition), parameters=[Parameter [type=class java.io.InputStream, source=archivo, defaultValue=null], Parameter [type=class org.glassfish.jersey.media.multipart.FormDataContentDisposition, source=archivo, defaultValue=null]], responseType=class javax.ws.rs.core.Response}, nameBindings=[]}']
		at org.glassfish.jersey.server.ApplicationHandler.initialize(ApplicationHandler.java:375)
		at org.glassfish.jersey.server.ApplicationHandler.lambda$initialize$1(ApplicationHandler.java:297)
		at org.glassfish.jersey.internal.Errors.process(Errors.java:292)
		at org.glassfish.jersey.internal.Errors.process(Errors.java:274)
		at org.glassfish.jersey.internal.Errors.processWithException(Errors.java:232)
		at org.glassfish.jersey.server.ApplicationHandler.initialize(ApplicationHandler.java:296)
		at org.glassfish.jersey.server.ApplicationHandler.<init>(ApplicationHandler.java:261)
		at org.glassfish.jersey.servlet.WebComponent.<init>(WebComponent.java:311)
		at org.glassfish.jersey.servlet.ServletContainer.init(ServletContainer.java:154)
		at org.glassfish.jersey.servlet.ServletContainer.init(ServletContainer.java:339)
		at javax.servlet.GenericServlet.init(GenericServlet.java:143)
		at org.apache.catalina.core.StandardWrapper.initServlet(StandardWrapper.java:989)
		at org.apache.catalina.core.StandardWrapper.load(StandardWrapper.java:846)
		at org.apache.catalina.core.StandardContext.loadOnStartup(StandardContext.java:4234)
		at org.apache.catalina.core.StandardContext.startInternal(StandardContext.java:4535)
		at org.apache.catalina.util.LifecycleBase.start(LifecycleBase.java:164)
		at org.apache.catalina.core.ContainerBase.addChildInternal(ContainerBase.java:599)
		at org.apache.catalina.core.ContainerBase.addChild(ContainerBase.java:571)
		at org.apache.catalina.core.StandardHost.addChild(StandardHost.java:603)
		at org.apache.catalina.startup.HostConfig.deployDescriptor(HostConfig.java:680)
		at org.apache.catalina.startup.HostConfig.deployApps(HostConfig.java:529)
		at org.apache.catalina.startup.HostConfig.check(HostConfig.java:1653)
		at java.base/jdk.internal.reflect.DirectMethodHandleAccessor.invoke(DirectMethodHandleAccessor.java:103)
		at java.base/java.lang.reflect.Method.invoke(Method.java:580)
		at org.apache.tomcat.util.modeler.BaseModelMBean.invoke(BaseModelMBean.java:252)
		at java.management/com.sun.jmx.interceptor.DefaultMBeanServerInterceptor.invoke(DefaultMBeanServerInterceptor.java:803)
		at java.management/com.sun.jmx.mbeanserver.JmxMBeanServer.invoke(JmxMBeanServer.java:802)
		at org.apache.catalina.manager.ManagerServlet.check(ManagerServlet.java:1470)
		at org.apache.catalina.manager.ManagerServlet.deploy(ManagerServlet.java:943)
		at org.apache.catalina.manager.ManagerServlet.doGet(ManagerServlet.java:307)
		at javax.servlet.http.HttpServlet.service(HttpServlet.java:529)
		at javax.servlet.http.HttpServlet.service(HttpServlet.java:623)
		at org.apache.catalina.core.ApplicationFilterChain.internalDoFilter(ApplicationFilterChain.java:199)
		at org.apache.catalina.core.ApplicationFilterChain.doFilter(ApplicationFilterChain.java:144)
		at org.apache.tomcat.websocket.server.WsFilter.doFilter(WsFilter.java:51)
		at org.apache.catalina.core.ApplicationFilterChain.internalDoFilter(ApplicationFilterChain.java:168)
		at org.apache.catalina.core.ApplicationFilterChain.doFilter(ApplicationFilterChain.java:144)
		at org.apache.catalina.filters.HttpHeaderSecurityFilter.doFilter(HttpHeaderSecurityFilter.java:129)
		at org.apache.catalina.core.ApplicationFilterChain.internalDoFilter(ApplicationFilterChain.java:168)
		at org.apache.catalina.core.ApplicationFilterChain.doFilter(ApplicationFilterChain.java:144)
		at org.apache.catalina.core.StandardWrapperValve.invoke(StandardWrapperValve.java:168)
		at org.apache.catalina.core.StandardContextValve.invoke(StandardContextValve.java:90)
		at org.apache.catalina.authenticator.AuthenticatorBase.invoke(AuthenticatorBase.java:597)
		at org.apache.catalina.valves.RequestFilterValve.process(RequestFilterValve.java:354)
		at org.apache.catalina.valves.RemoteAddrValve.invoke(RemoteAddrValve.java:54)
		at org.apache.catalina.core.StandardHostValve.invoke(StandardHostValve.java:130)
		at org.apache.catalina.valves.ErrorReportValve.invoke(ErrorReportValve.java:93)
		at org.apache.catalina.valves.AbstractAccessLogValve.invoke(AbstractAccessLogValve.java:656)
		at org.apache.catalina.core.StandardEngineValve.invoke(StandardEngineValve.java:74)
		at org.apache.catalina.connector.CoyoteAdapter.service(CoyoteAdapter.java:346)
		at org.apache.coyote.http11.Http11Processor.service(Http11Processor.java:397)
		at org.apache.coyote.AbstractProcessorLight.process(AbstractProcessorLight.java:63)
		at org.apache.coyote.AbstractProtocol$ConnectionHandler.process(AbstractProtocol.java:935)
		at org.apache.tomcat.util.net.NioEndpoint$SocketProcessor.doRun(NioEndpoint.java:1826)
		at org.apache.tomcat.util.net.SocketProcessorBase.run(SocketProcessorBase.java:52)
		at org.apache.tomcat.util.threads.ThreadPoolExecutor.runWorker(ThreadPoolExecutor.java:1189)
		at org.apache.tomcat.util.threads.ThreadPoolExecutor$Worker.run(ThreadPoolExecutor.java:658)
		at org.apache.tomcat.util.threads.TaskThread$WrappingRunnable.run(TaskThread.java:63)
		at java.base/java.lang.Thread.run(Thread.java:1570)
11-Aug-2025 09:07:41.325 SEVERE [http-nio-8080-exec-9] org.apache.catalina.core.StandardContext.loadOnStartup Servlet [MODELO.RestConfig] in web application [/APIproyecto] threw load() exception
	org.glassfish.jersey.server.model.ModelValidationException: Validation of the application resource model has failed during application initialization.
[[FATAL] No injection source found for a parameter of type public javax.ws.rs.core.Response CONTROLADOR.ImagenesController.crearImagen(java.io.InputStream,org.glassfish.jersey.media.multipart.FormDataContentDisposition) at index 0.; source='ResourceMethod{httpMethod=POST, consumedTypes=[multipart/form-data], producedTypes=[application/json], suspended=false, suspendTimeout=0, suspendTimeoutUnit=MILLISECONDS, invocable=Invocable{handler=ClassBasedMethodHandler{handlerClass=class CONTROLADOR.ImagenesController, handlerConstructors=[org.glassfish.jersey.server.model.HandlerConstructor@7229654a]}, definitionMethod=public javax.ws.rs.core.Response CONTROLADOR.ImagenesController.crearImagen(java.io.InputStream,org.glassfish.jersey.media.multipart.FormDataContentDisposition), parameters=[Parameter [type=class java.io.InputStream, source=archivo, defaultValue=null], Parameter [type=class org.glassfish.jersey.media.multipart.FormDataContentDisposition, source=archivo, defaultValue=null]], responseType=class javax.ws.rs.core.Response}, nameBindings=[]}']
		at org.glassfish.jersey.server.ApplicationHandler.initialize(ApplicationHandler.java:375)
		at org.glassfish.jersey.server.ApplicationHandler.lambda$initialize$1(ApplicationHandler.java:297)
		at org.glassfish.jersey.internal.Errors.process(Errors.java:292)
		at org.glassfish.jersey.internal.Errors.process(Errors.java:274)
		at org.glassfish.jersey.internal.Errors.processWithException(Errors.java:232)
		at org.glassfish.jersey.server.ApplicationHandler.initialize(ApplicationHandler.java:296)
		at org.glassfish.jersey.server.ApplicationHandler.<init>(ApplicationHandler.java:261)
		at org.glassfish.jersey.servlet.WebComponent.<init>(WebComponent.java:311)
		at org.glassfish.jersey.servlet.ServletContainer.init(ServletContainer.java:154)
		at org.glassfish.jersey.servlet.ServletContainer.init(ServletContainer.java:339)
		at javax.servlet.GenericServlet.init(GenericServlet.java:143)
		at org.apache.catalina.core.StandardWrapper.initServlet(StandardWrapper.java:989)
		at org.apache.catalina.core.StandardWrapper.load(StandardWrapper.java:846)
		at org.apache.catalina.core.StandardContext.loadOnStartup(StandardContext.java:4234)
		at org.apache.catalina.core.StandardContext.startInternal(StandardContext.java:4535)
		at org.apache.catalina.util.LifecycleBase.start(LifecycleBase.java:164)
		at org.apache.catalina.core.ContainerBase.addChildInternal(ContainerBase.java:599)
		at org.apache.catalina.core.ContainerBase.addChild(ContainerBase.java:571)
		at org.apache.catalina.core.StandardHost.addChild(StandardHost.java:603)
		at org.apache.catalina.startup.HostConfig.deployDescriptor(HostConfig.java:680)
		at org.apache.catalina.startup.HostConfig.deployApps(HostConfig.java:529)
		at org.apache.catalina.startup.HostConfig.check(HostConfig.java:1653)
		at java.base/jdk.internal.reflect.DirectMethodHandleAccessor.invoke(DirectMethodHandleAccessor.java:103)
		at java.base/java.lang.reflect.Method.invoke(Method.java:580)
		at org.apache.tomcat.util.modeler.BaseModelMBean.invoke(BaseModelMBean.java:252)
		at java.management/com.sun.jmx.interceptor.DefaultMBeanServerInterceptor.invoke(DefaultMBeanServerInterceptor.java:803)
		at java.management/com.sun.jmx.mbeanserver.JmxMBeanServer.invoke(JmxMBeanServer.java:802)
		at org.apache.catalina.manager.ManagerServlet.check(ManagerServlet.java:1470)
		at org.apache.catalina.manager.ManagerServlet.deploy(ManagerServlet.java:943)
		at org.apache.catalina.manager.ManagerServlet.doGet(ManagerServlet.java:307)
		at javax.servlet.http.HttpServlet.service(HttpServlet.java:529)
		at javax.servlet.http.HttpServlet.service(HttpServlet.java:623)
		at org.apache.catalina.core.ApplicationFilterChain.internalDoFilter(ApplicationFilterChain.java:199)
		at org.apache.catalina.core.ApplicationFilterChain.doFilter(ApplicationFilterChain.java:144)
		at org.apache.tomcat.websocket.server.WsFilter.doFilter(WsFilter.java:51)
		at org.apache.catalina.core.ApplicationFilterChain.internalDoFilter(ApplicationFilterChain.java:168)
		at org.apache.catalina.core.ApplicationFilterChain.doFilter(ApplicationFilterChain.java:144)
		at org.apache.catalina.filters.HttpHeaderSecurityFilter.doFilter(HttpHeaderSecurityFilter.java:129)
		at org.apache.catalina.core.ApplicationFilterChain.internalDoFilter(ApplicationFilterChain.java:168)
		at org.apache.catalina.core.ApplicationFilterChain.doFilter(ApplicationFilterChain.java:144)
		at org.apache.catalina.core.StandardWrapperValve.invoke(StandardWrapperValve.java:168)
		at org.apache.catalina.core.StandardContextValve.invoke(StandardContextValve.java:90)
		at org.apache.catalina.authenticator.AuthenticatorBase.invoke(AuthenticatorBase.java:597)
		at org.apache.catalina.valves.RequestFilterValve.process(RequestFilterValve.java:354)
		at org.apache.catalina.valves.RemoteAddrValve.invoke(RemoteAddrValve.java:54)
		at org.apache.catalina.core.StandardHostValve.invoke(StandardHostValve.java:130)
		at org.apache.catalina.valves.ErrorReportValve.invoke(ErrorReportValve.java:93)
		at org.apache.catalina.valves.AbstractAccessLogValve.invoke(AbstractAccessLogValve.java:656)
		at org.apache.catalina.core.StandardEngineValve.invoke(StandardEngineValve.java:74)
		at org.apache.catalina.connector.CoyoteAdapter.service(CoyoteAdapter.java:346)
		at org.apache.coyote.http11.Http11Processor.service(Http11Processor.java:397)
		at org.apache.coyote.AbstractProcessorLight.process(AbstractProcessorLight.java:63)
		at org.apache.coyote.AbstractProtocol$ConnectionHandler.process(AbstractProtocol.java:935)
		at org.apache.tomcat.util.net.NioEndpoint$SocketProcessor.doRun(NioEndpoint.java:1826)
		at org.apache.tomcat.util.net.SocketProcessorBase.run(SocketProcessorBase.java:52)
		at org.apache.tomcat.util.threads.ThreadPoolExecutor.runWorker(ThreadPoolExecutor.java:1189)
		at org.apache.tomcat.util.threads.ThreadPoolExecutor$Worker.run(ThreadPoolExecutor.java:658)
		at org.apache.tomcat.util.threads.TaskThread$WrappingRunnable.run(TaskThread.java:63)
		at java.base/java.lang.Thread.run(Thread.java:1570)
11-Aug-2025 10:09:28.900 INFO [main] org.apache.catalina.core.ApplicationContext.log SessionListener: contextDestroyed()
11-Aug-2025 10:09:28.900 INFO [main] org.apache.catalina.core.ApplicationContext.log ContextListener: contextDestroyed()
