20-Aug-2025 10:35:14.793 INFO [main] org.apache.catalina.core.ApplicationContext.log ContextListener: contextInitialized()
20-Aug-2025 10:35:14.793 INFO [main] org.apache.catalina.core.ApplicationContext.log SessionListener: contextInitialized()
20-Aug-2025 10:35:14.804 INFO [main] org.apache.catalina.core.ApplicationContext.log ContextListener: attributeAdded('StockTicker', 'async.Stockticker@3703a400')
20-Aug-2025 10:38:28.584 INFO [main] org.apache.catalina.core.ApplicationContext.log SessionListener: contextDestroyed()
20-Aug-2025 10:38:28.584 INFO [main] org.apache.catalina.core.ApplicationContext.log ContextListener: contextDestroyed()
20-Aug-2025 10:39:07.799 INFO [main] org.apache.catalina.core.ApplicationContext.log ContextListener: contextInitialized()
20-Aug-2025 10:39:07.799 INFO [main] org.apache.catalina.core.ApplicationContext.log SessionListener: contextInitialized()
20-Aug-2025 10:39:07.804 INFO [main] org.apache.catalina.core.ApplicationContext.log ContextListener: attributeAdded('StockTicker', 'async.Stockticker@37f21974')
20-Aug-2025 10:39:59.076 INFO [main] org.apache.catalina.core.ApplicationContext.log SessionListener: contextDestroyed()
20-Aug-2025 10:39:59.076 INFO [main] org.apache.catalina.core.ApplicationContext.log ContextListener: contextDestroyed()
20-Aug-2025 10:49:49.509 INFO [main] org.apache.catalina.core.ApplicationContext.log ContextListener: contextInitialized()
20-Aug-2025 10:49:49.509 INFO [main] org.apache.catalina.core.ApplicationContext.log SessionListener: contextInitialized()
20-Aug-2025 10:49:49.510 INFO [main] org.apache.catalina.core.ApplicationContext.log ContextListener: attributeAdded('StockTicker', 'async.Stockticker@361c294e')
20-Aug-2025 10:49:49.860 INFO [main] org.apache.catalina.core.ApplicationContext.log SessionListener: contextDestroyed()
20-Aug-2025 10:49:49.860 INFO [main] org.apache.catalina.core.ApplicationContext.log ContextListener: contextDestroyed()
20-Aug-2025 10:50:19.672 INFO [main] org.apache.catalina.core.ApplicationContext.log ContextListener: contextInitialized()
20-Aug-2025 10:50:19.672 INFO [main] org.apache.catalina.core.ApplicationContext.log SessionListener: contextInitialized()
20-Aug-2025 10:50:19.674 INFO [main] org.apache.catalina.core.ApplicationContext.log ContextListener: attributeAdded('StockTicker', 'async.Stockticker@7859e786')
20-Aug-2025 10:53:37.753 INFO [main] org.apache.catalina.core.ApplicationContext.log SessionListener: contextDestroyed()
20-Aug-2025 10:53:37.753 INFO [main] org.apache.catalina.core.ApplicationContext.log ContextListener: contextDestroyed()
